running develop
running egg_info
creating r2d2_behavior.egg-info
writing r2d2_behavior.egg-info/PKG-INFO
writing dependency_links to r2d2_behavior.egg-info/dependency_links.txt
writing requirements to r2d2_behavior.egg-info/requires.txt
writing top-level names to r2d2_behavior.egg-info/top_level.txt
writing manifest file 'r2d2_behavior.egg-info/SOURCES.txt'
reading manifest file 'r2d2_behavior.egg-info/SOURCES.txt'
writing manifest file 'r2d2_behavior.egg-info/SOURCES.txt'
running build_ext
Creating /home/r2d2/ros2_ws/install/r2d2_behavior/lib/python3.12/site-packages/r2d2-behavior.egg-link (link to .)

Installed /home/r2d2/ros2_ws/build/r2d2_behavior
running symlink_data
creating /home/r2d2/ros2_ws/install/r2d2_behavior/share
creating /home/r2d2/ros2_ws/install/r2d2_behavior/share/ament_index
creating /home/r2d2/ros2_ws/install/r2d2_behavior/share/ament_index/resource_index
creating /home/r2d2/ros2_ws/install/r2d2_behavior/share/ament_index/resource_index/packages
symbolically linking /home/r2d2/ros2_ws/build/r2d2_behavior/resource/r2d2_behavior -> /home/r2d2/ros2_ws/install/r2d2_behavior/share/ament_index/resource_index/packages
creating /home/r2d2/ros2_ws/install/r2d2_behavior/share/r2d2_behavior
symbolically linking /home/r2d2/ros2_ws/build/r2d2_behavior/package.xml -> /home/r2d2/ros2_ws/install/r2d2_behavior/share/r2d2_behavior
