[15.991s] Invoking command in '/home/r2d2/ros2_ws/build/r2d2_behavior': PYTHONPATH=/home/r2d2/ros2_ws/build/r2d2_behavior/prefix_override:/usr/lib/python3/dist-packages/colcon_core/task/python/colcon_distutils_commands:/home/r2d2/ros2_ws/install/r2d2_behavior/lib/python3.12/site-packages:${PYTHONPATH} /usr/bin/python3 -W ignore:setup.py install is deprecated -W ignore:easy_install command is deprecated setup.py develop --editable --build-directory /home/r2d2/ros2_ws/build/r2d2_behavior/build --no-deps symlink_data
[21.404s] running develop
[25.574s] running egg_info
[25.576s] creating r2d2_behavior.egg-info
[25.580s] writing r2d2_behavior.egg-info/PKG-INFO
[25.585s] writing dependency_links to r2d2_behavior.egg-info/dependency_links.txt
[25.586s] writing requirements to r2d2_behavior.egg-info/requires.txt
[25.591s] writing top-level names to r2d2_behavior.egg-info/top_level.txt
[25.593s] writing manifest file 'r2d2_behavior.egg-info/SOURCES.txt'
[25.601s] reading manifest file 'r2d2_behavior.egg-info/SOURCES.txt'
[25.603s] writing manifest file 'r2d2_behavior.egg-info/SOURCES.txt'
[25.914s] running build_ext
[25.918s] Creating /home/r2d2/ros2_ws/install/r2d2_behavior/lib/python3.12/site-packages/r2d2-behavior.egg-link (link to .)
[25.923s] 
[25.927s] Installed /home/r2d2/ros2_ws/build/r2d2_behavior
[25.931s] running symlink_data
[25.935s] creating /home/r2d2/ros2_ws/install/r2d2_behavior/share
[25.938s] creating /home/r2d2/ros2_ws/install/r2d2_behavior/share/ament_index
[25.942s] creating /home/r2d2/ros2_ws/install/r2d2_behavior/share/ament_index/resource_index
[25.948s] creating /home/r2d2/ros2_ws/install/r2d2_behavior/share/ament_index/resource_index/packages
[25.949s] symbolically linking /home/r2d2/ros2_ws/build/r2d2_behavior/resource/r2d2_behavior -> /home/r2d2/ros2_ws/install/r2d2_behavior/share/ament_index/resource_index/packages
[25.954s] creating /home/r2d2/ros2_ws/install/r2d2_behavior/share/r2d2_behavior
[25.963s] symbolically linking /home/r2d2/ros2_ws/build/r2d2_behavior/package.xml -> /home/r2d2/ros2_ws/install/r2d2_behavior/share/r2d2_behavior
[26.349s] Invoked command in '/home/r2d2/ros2_ws/build/r2d2_behavior' returned '0': PYTHONPATH=/home/r2d2/ros2_ws/build/r2d2_behavior/prefix_override:/usr/lib/python3/dist-packages/colcon_core/task/python/colcon_distutils_commands:/home/r2d2/ros2_ws/install/r2d2_behavior/lib/python3.12/site-packages:${PYTHONPATH} /usr/bin/python3 -W ignore:setup.py install is deprecated -W ignore:easy_install command is deprecated setup.py develop --editable --build-directory /home/r2d2/ros2_ws/build/r2d2_behavior/build --no-deps symlink_data
