-- Found ament_cmake: 2.5.5 (/opt/ros/jazzy/share/ament_cmake/cmake)
-- Override CMake install command with custom implementation using symlinks instead of copying resources
-- Configuring done (4.0s)
-- Generating done (0.0s)
-- Build files have been written to: /home/r2d2/ros2_ws/build/r2d2_description
-- Install configuration: ""
-- Execute custom install script
-- Symlinking: /home/r2d2/ros2_ws/install/r2d2_description/share/ament_index/resource_index/package_run_dependencies/r2d2_description
-- Symlinking: /home/r2d2/ros2_ws/install/r2d2_description/share/ament_index/resource_index/parent_prefix_path/r2d2_description
-- Symlinking: /home/r2d2/ros2_ws/install/r2d2_description/share/r2d2_description/environment/ament_prefix_path.sh
-- Symlinking: /home/r2d2/ros2_ws/install/r2d2_description/share/r2d2_description/environment/ament_prefix_path.dsv
-- Symlinking: /home/r2d2/ros2_ws/install/r2d2_description/share/r2d2_description/environment/path.sh
-- Symlinking: /home/r2d2/ros2_ws/install/r2d2_description/share/r2d2_description/environment/path.dsv
-- Symlinking: /home/r2d2/ros2_ws/install/r2d2_description/share/r2d2_description/local_setup.bash
-- Symlinking: /home/r2d2/ros2_ws/install/r2d2_description/share/r2d2_description/local_setup.sh
-- Symlinking: /home/r2d2/ros2_ws/install/r2d2_description/share/r2d2_description/local_setup.zsh
-- Symlinking: /home/r2d2/ros2_ws/install/r2d2_description/share/r2d2_description/local_setup.dsv
-- Symlinking: /home/r2d2/ros2_ws/install/r2d2_description/share/r2d2_description/package.dsv
-- Symlinking: /home/r2d2/ros2_ws/install/r2d2_description/share/ament_index/resource_index/packages/r2d2_description
-- Symlinking: /home/r2d2/ros2_ws/install/r2d2_description/share/r2d2_description/cmake/r2d2_descriptionConfig.cmake
-- Symlinking: /home/r2d2/ros2_ws/install/r2d2_description/share/r2d2_description/cmake/r2d2_descriptionConfig-version.cmake
-- Symlinking: /home/r2d2/ros2_ws/install/r2d2_description/share/r2d2_description/package.xml
