running develop
running egg_info
creating r2d2_bringup.egg-info
writing r2d2_bringup.egg-info/PKG-INFO
writing dependency_links to r2d2_bringup.egg-info/dependency_links.txt
writing requirements to r2d2_bringup.egg-info/requires.txt
writing top-level names to r2d2_bringup.egg-info/top_level.txt
writing manifest file 'r2d2_bringup.egg-info/SOURCES.txt'
reading manifest file 'r2d2_bringup.egg-info/SOURCES.txt'
writing manifest file 'r2d2_bringup.egg-info/SOURCES.txt'
running build_ext
Creating /home/r2d2/ros2_ws/install/r2d2_bringup/lib/python3.12/site-packages/r2d2-bringup.egg-link (link to .)

Installed /home/r2d2/ros2_ws/build/r2d2_bringup
running symlink_data
creating /home/r2d2/ros2_ws/install/r2d2_bringup/share
creating /home/r2d2/ros2_ws/install/r2d2_bringup/share/ament_index
creating /home/r2d2/ros2_ws/install/r2d2_bringup/share/ament_index/resource_index
creating /home/r2d2/ros2_ws/install/r2d2_bringup/share/ament_index/resource_index/packages
symbolically linking /home/r2d2/ros2_ws/build/r2d2_bringup/resource/r2d2_bringup -> /home/r2d2/ros2_ws/install/r2d2_bringup/share/ament_index/resource_index/packages
creating /home/r2d2/ros2_ws/install/r2d2_bringup/share/r2d2_bringup
symbolically linking /home/r2d2/ros2_ws/build/r2d2_bringup/package.xml -> /home/r2d2/ros2_ws/install/r2d2_bringup/share/r2d2_bringup
creating /home/r2d2/ros2_ws/install/r2d2_bringup/share/r2d2_bringup/launch
symbolically linking /home/r2d2/ros2_ws/build/r2d2_bringup/launch/cameras.launch.py -> /home/r2d2/ros2_ws/install/r2d2_bringup/share/r2d2_bringup/launch
symbolically linking /home/r2d2/ros2_ws/build/r2d2_bringup/launch/r2d2.launch.py -> /home/r2d2/ros2_ws/install/r2d2_bringup/share/r2d2_bringup/launch
symbolically linking /home/r2d2/ros2_ws/build/r2d2_bringup/launch/foxglove.launch.py -> /home/r2d2/ros2_ws/install/r2d2_bringup/share/r2d2_bringup/launch
creating /home/r2d2/ros2_ws/install/r2d2_bringup/share/r2d2_bringup/config
symbolically linking /home/r2d2/ros2_ws/build/r2d2_bringup/config/foxglove_params.yaml -> /home/r2d2/ros2_ws/install/r2d2_bringup/share/r2d2_bringup/config
symbolically linking /home/r2d2/ros2_ws/build/r2d2_bringup/config/webcam_params.yaml -> /home/r2d2/ros2_ws/install/r2d2_bringup/share/r2d2_bringup/config
