[18.942s] Invoking command in '/home/r2d2/ros2_ws/build/r2d2_bringup': PYTHONPATH=/home/r2d2/ros2_ws/build/r2d2_bringup/prefix_override:/usr/lib/python3/dist-packages/colcon_core/task/python/colcon_distutils_commands:/home/r2d2/ros2_ws/install/r2d2_bringup/lib/python3.12/site-packages:${PYTHONPATH} /usr/bin/python3 -W ignore:setup.py install is deprecated -W ignore:easy_install command is deprecated setup.py develop --editable --build-directory /home/r2d2/ros2_ws/build/r2d2_bringup/build --no-deps symlink_data
[25.556s] running develop
[29.955s] running egg_info
[29.961s] creating r2d2_bringup.egg-info
[29.962s] writing r2d2_bringup.egg-info/PKG-INFO
[29.966s] writing dependency_links to r2d2_bringup.egg-info/dependency_links.txt
[29.968s] writing requirements to r2d2_bringup.egg-info/requires.txt
[29.972s] writing top-level names to r2d2_bringup.egg-info/top_level.txt
[29.974s] writing manifest file 'r2d2_bringup.egg-info/SOURCES.txt'
[29.979s] reading manifest file 'r2d2_bringup.egg-info/SOURCES.txt'
[29.980s] writing manifest file 'r2d2_bringup.egg-info/SOURCES.txt'
[29.984s] running build_ext
[29.985s] Creating /home/r2d2/ros2_ws/install/r2d2_bringup/lib/python3.12/site-packages/r2d2-bringup.egg-link (link to .)
[29.989s] 
[29.991s] Installed /home/r2d2/ros2_ws/build/r2d2_bringup
[29.995s] running symlink_data
[29.997s] creating /home/r2d2/ros2_ws/install/r2d2_bringup/share
[30.003s] creating /home/r2d2/ros2_ws/install/r2d2_bringup/share/ament_index
[30.004s] creating /home/r2d2/ros2_ws/install/r2d2_bringup/share/ament_index/resource_index
[30.009s] creating /home/r2d2/ros2_ws/install/r2d2_bringup/share/ament_index/resource_index/packages
[30.011s] symbolically linking /home/r2d2/ros2_ws/build/r2d2_bringup/resource/r2d2_bringup -> /home/r2d2/ros2_ws/install/r2d2_bringup/share/ament_index/resource_index/packages
[30.015s] creating /home/r2d2/ros2_ws/install/r2d2_bringup/share/r2d2_bringup
[30.016s] symbolically linking /home/r2d2/ros2_ws/build/r2d2_bringup/package.xml -> /home/r2d2/ros2_ws/install/r2d2_bringup/share/r2d2_bringup
[30.017s] creating /home/r2d2/ros2_ws/install/r2d2_bringup/share/r2d2_bringup/launch
[30.019s] symbolically linking /home/r2d2/ros2_ws/build/r2d2_bringup/launch/cameras.launch.py -> /home/r2d2/ros2_ws/install/r2d2_bringup/share/r2d2_bringup/launch
[30.025s] symbolically linking /home/r2d2/ros2_ws/build/r2d2_bringup/launch/r2d2.launch.py -> /home/r2d2/ros2_ws/install/r2d2_bringup/share/r2d2_bringup/launch
[30.026s] symbolically linking /home/r2d2/ros2_ws/build/r2d2_bringup/launch/foxglove.launch.py -> /home/r2d2/ros2_ws/install/r2d2_bringup/share/r2d2_bringup/launch
[30.026s] creating /home/r2d2/ros2_ws/install/r2d2_bringup/share/r2d2_bringup/config
[30.027s] symbolically linking /home/r2d2/ros2_ws/build/r2d2_bringup/config/foxglove_params.yaml -> /home/r2d2/ros2_ws/install/r2d2_bringup/share/r2d2_bringup/config
[30.027s] symbolically linking /home/r2d2/ros2_ws/build/r2d2_bringup/config/webcam_params.yaml -> /home/r2d2/ros2_ws/install/r2d2_bringup/share/r2d2_bringup/config
[30.028s] Invoked command in '/home/r2d2/ros2_ws/build/r2d2_bringup' returned '0': PYTHONPATH=/home/r2d2/ros2_ws/build/r2d2_bringup/prefix_override:/usr/lib/python3/dist-packages/colcon_core/task/python/colcon_distutils_commands:/home/r2d2/ros2_ws/install/r2d2_bringup/lib/python3.12/site-packages:${PYTHONPATH} /usr/bin/python3 -W ignore:setup.py install is deprecated -W ignore:easy_install command is deprecated setup.py develop --editable --build-directory /home/r2d2/ros2_ws/build/r2d2_bringup/build --no-deps symlink_data
