[0.100s] Invoking command in '/home/r2d2/ros2_ws/build/r2d2_description': /usr/bin/cmake /home/r2d2/ros2_ws/src/r2d2_description -DCMAKE_INSTALL_PREFIX=/home/r2d2/ros2_ws/install/r2d2_description
[4.522s] -- The C compiler identification is GNU 13.3.0
[4.525s] -- The CXX compiler identification is GNU 13.3.0
[4.531s] -- Detecting C compiler ABI info
[8.901s] -- Detecting C compiler ABI info - done
[8.907s] -- Check for working C compiler: /usr/bin/cc - skipped
[8.908s] -- Detecting C compile features
[8.910s] -- Detecting C compile features - done
[8.915s] -- Detecting CXX compiler ABI info
[8.917s] -- Detecting CXX compiler ABI info - done
[8.922s] -- Check for working CXX compiler: /usr/bin/c++ - skipped
[8.923s] -- Detecting CXX compile features
[8.928s] -- Detecting CXX compile features - done
[8.929s] -- Found ament_cmake: 2.5.5 (/opt/ros/jazzy/share/ament_cmake/cmake)
[10.190s] -- Found Python3: /usr/bin/python3 (found version "3.12.3") found components: Interpreter 
[12.784s] Error parsing '/home/r2d2/ros2_ws/src/r2d2_description/package.xml':
[38.061s] Traceback (most recent call last):
[38.063s]   File "/opt/ros/jazzy/share/ament_cmake_core/cmake/core/package_xml_2_cmake.py", line 150, in <module>
[38.065s]     main()
[38.066s]   File "/opt/ros/jazzy/share/ament_cmake_core/cmake/core/package_xml_2_cmake.py", line 53, in main
[38.068s]     raise e
[38.070s]   File "/opt/ros/jazzy/share/ament_cmake_core/cmake/core/package_xml_2_cmake.py", line 49, in main
[38.071s]     package = parse_package_string(
[38.072s]               ^^^^^^^^^^^^^^^^^^^^^
[38.073s]   File "/usr/lib/python3/dist-packages/catkin_pkg/package.py", line 788, in parse_package_string
[38.074s]     pkg.validate(warnings=warnings)
[38.075s]   File "/usr/lib/python3/dist-packages/catkin_pkg/package.py", line 330, in validate
[38.076s]     raise InvalidPackage('\n'.join(errors), self.filename)
[38.077s] catkin_pkg.package.InvalidPackage: Error(s) in package '/home/r2d2/ros2_ws/src/r2d2_description/package.xml':
[38.078s] Invalid email "r2d2@localhost" for person "r2d2"
[38.408s] CMake Error at /opt/ros/jazzy/share/ament_cmake_core/cmake/core/ament_package_xml.cmake:95 (message):
[38.410s]   execute_process(/usr/bin/python3
[38.412s]   /opt/ros/jazzy/share/ament_cmake_core/cmake/core/package_xml_2_cmake.py
[38.413s]   /home/r2d2/ros2_ws/src/r2d2_description/package.xml
[38.414s]   /home/r2d2/ros2_ws/build/r2d2_description/ament_cmake_core/package.cmake)
[38.415s]   returned error code 1
[38.416s] Call Stack (most recent call first):
[38.417s]   /opt/ros/jazzy/share/ament_cmake_core/cmake/core/ament_package_xml.cmake:49 (_ament_package_xml)
[38.418s]   /opt/ros/jazzy/share/ament_cmake_core/cmake/core/ament_package.cmake:63 (ament_package_xml)
[38.419s]   CMakeLists.txt:6 (ament_package)
[38.420s] 
[38.421s] 
[38.423s] -- Configuring incomplete, errors occurred!
[38.457s] Invoked command in '/home/r2d2/ros2_ws/build/r2d2_description' returned '1': /usr/bin/cmake /home/r2d2/ros2_ws/src/r2d2_description -DCMAKE_INSTALL_PREFIX=/home/r2d2/ros2_ws/install/r2d2_description
