[10.835s] Invoking command in '/home/r2d2/ros2_ws/build/r2d2_head': PYTHONPATH=/home/r2d2/ros2_ws/build/r2d2_head/prefix_override:/usr/lib/python3/dist-packages/colcon_core/task/python/colcon_distutils_commands:/home/r2d2/ros2_ws/install/r2d2_head/lib/python3.12/site-packages:${PYTHONPATH} /usr/bin/python3 -W ignore:setup.py install is deprecated -W ignore:easy_install command is deprecated setup.py develop --editable --build-directory /home/r2d2/ros2_ws/build/r2d2_head/build --no-deps symlink_data
[15.329s] running develop
[19.085s] running egg_info
[19.089s] creating r2d2_head.egg-info
[19.513s] writing r2d2_head.egg-info/PKG-INFO
[19.517s] writing dependency_links to r2d2_head.egg-info/dependency_links.txt
[19.526s] writing requirements to r2d2_head.egg-info/requires.txt
[19.534s] writing top-level names to r2d2_head.egg-info/top_level.txt
[19.537s] writing manifest file 'r2d2_head.egg-info/SOURCES.txt'
[20.429s] reading manifest file 'r2d2_head.egg-info/SOURCES.txt'
[20.443s] writing manifest file 'r2d2_head.egg-info/SOURCES.txt'
[20.896s] running build_ext
[20.905s] Creating /home/r2d2/ros2_ws/install/r2d2_head/lib/python3.12/site-packages/r2d2-head.egg-link (link to .)
[20.922s] 
[20.930s] Installed /home/r2d2/ros2_ws/build/r2d2_head
[20.939s] running symlink_data
[20.951s] creating /home/r2d2/ros2_ws/install/r2d2_head/share
[20.957s] creating /home/r2d2/ros2_ws/install/r2d2_head/share/ament_index
[20.965s] creating /home/r2d2/ros2_ws/install/r2d2_head/share/ament_index/resource_index
[20.967s] creating /home/r2d2/ros2_ws/install/r2d2_head/share/ament_index/resource_index/packages
[20.976s] symbolically linking /home/r2d2/ros2_ws/build/r2d2_head/resource/r2d2_head -> /home/r2d2/ros2_ws/install/r2d2_head/share/ament_index/resource_index/packages
[20.992s] creating /home/r2d2/ros2_ws/install/r2d2_head/share/r2d2_head
[20.994s] symbolically linking /home/r2d2/ros2_ws/build/r2d2_head/package.xml -> /home/r2d2/ros2_ws/install/r2d2_head/share/r2d2_head
[21.858s] Invoked command in '/home/r2d2/ros2_ws/build/r2d2_head' returned '0': PYTHONPATH=/home/r2d2/ros2_ws/build/r2d2_head/prefix_override:/usr/lib/python3/dist-packages/colcon_core/task/python/colcon_distutils_commands:/home/r2d2/ros2_ws/install/r2d2_head/lib/python3.12/site-packages:${PYTHONPATH} /usr/bin/python3 -W ignore:setup.py install is deprecated -W ignore:easy_install command is deprecated setup.py develop --editable --build-directory /home/r2d2/ros2_ws/build/r2d2_head/build --no-deps symlink_data
