running develop
running egg_info
creating r2d2_base.egg-info
writing r2d2_base.egg-info/PKG-INFO
writing dependency_links to r2d2_base.egg-info/dependency_links.txt
writing requirements to r2d2_base.egg-info/requires.txt
writing top-level names to r2d2_base.egg-info/top_level.txt
writing manifest file 'r2d2_base.egg-info/SOURCES.txt'
reading manifest file 'r2d2_base.egg-info/SOURCES.txt'
writing manifest file 'r2d2_base.egg-info/SOURCES.txt'
running build_ext
Creating /home/r2d2/ros2_ws/install/r2d2_base/lib/python3.12/site-packages/r2d2-base.egg-link (link to .)

Installed /home/r2d2/ros2_ws/build/r2d2_base
running symlink_data
creating /home/r2d2/ros2_ws/install/r2d2_base/share
creating /home/r2d2/ros2_ws/install/r2d2_base/share/ament_index
creating /home/r2d2/ros2_ws/install/r2d2_base/share/ament_index/resource_index
creating /home/r2d2/ros2_ws/install/r2d2_base/share/ament_index/resource_index/packages
symbolically linking /home/r2d2/ros2_ws/build/r2d2_base/resource/r2d2_base -> /home/r2d2/ros2_ws/install/r2d2_base/share/ament_index/resource_index/packages
creating /home/r2d2/ros2_ws/install/r2d2_base/share/r2d2_base
symbolically linking /home/r2d2/ros2_ws/build/r2d2_base/package.xml -> /home/r2d2/ros2_ws/install/r2d2_base/share/r2d2_base
