[0.938s] DEBUG:colcon:Command line arguments: ['/usr/bin/colcon', 'build', '--symlink-install']
[0.939s] DEBUG:colcon:Parsed command line arguments: Namespace(log_base=None, log_level=None, verb_name='build', build_base='build', install_base='install', merge_install=False, symlink_install=True, test_result_base=None, continue_on_error=False, executor='parallel', parallel_workers=4, event_handlers=None, ignore_user_meta=False, metas=['./colcon.meta'], base_paths=['.'], packages_ignore=None, packages_ignore_regex=None, paths=None, packages_up_to=None, packages_up_to_regex=None, packages_above=None, packages_above_and_dependencies=None, packages_above_depth=None, packages_select_by_dep=None, packages_skip_by_dep=None, packages_skip_up_to=None, packages_select_build_failed=False, packages_skip_build_finished=False, packages_select_test_failures=False, packages_skip_test_passed=False, packages_select=None, packages_skip=None, packages_select_regex=None, packages_skip_regex=None, packages_start=None, packages_end=None, allow_overriding=[], cmake_args=None, cmake_target=None, cmake_target_skip_unavailable=False, cmake_clean_cache=False, cmake_clean_first=False, cmake_force_configure=False, ament_cmake_args=None, catkin_cmake_args=None, catkin_skip_building_tests=False, mixin_files=None, mixin=None, verb_parser=<colcon_mixin.mixin.mixin_argument.MixinArgumentDecorator object at 0xffffb3ef6f00>, verb_extension=<colcon_core.verb.build.BuildVerb object at 0xffffb40ab260>, main=<bound method BuildVerb.main of <colcon_core.verb.build.BuildVerb object at 0xffffb40ab260>>, mixin_verb=('build',))
[1.315s] Level 1:colcon.colcon_core.package_discovery:discover_packages(colcon_meta) check parameters
[1.317s] Level 1:colcon.colcon_core.package_discovery:discover_packages(recursive) check parameters
[1.317s] Level 1:colcon.colcon_core.package_discovery:discover_packages(ignore) check parameters
[1.317s] Level 1:colcon.colcon_core.package_discovery:discover_packages(path) check parameters
[1.317s] Level 1:colcon.colcon_core.package_discovery:discover_packages(colcon_meta) discover
[1.318s] Level 1:colcon.colcon_core.package_discovery:discover_packages(recursive) discover
[1.318s] INFO:colcon.colcon_core.package_discovery:Crawling recursively for packages in '/home/r2d2/ros2_ws'
[1.320s] Level 1:colcon.colcon_core.package_identification:_identify(.) by extensions ['ignore', 'ignore_ament_install']
[1.321s] Level 1:colcon.colcon_core.package_identification:_identify(.) by extension 'ignore'
[1.322s] Level 1:colcon.colcon_core.package_identification:_identify(.) by extension 'ignore_ament_install'
[1.323s] Level 1:colcon.colcon_core.package_identification:_identify(.) by extensions ['colcon_pkg']
[1.323s] Level 1:colcon.colcon_core.package_identification:_identify(.) by extension 'colcon_pkg'
[1.324s] Level 1:colcon.colcon_core.package_identification:_identify(.) by extensions ['colcon_meta']
[1.324s] Level 1:colcon.colcon_core.package_identification:_identify(.) by extension 'colcon_meta'
[1.325s] Level 1:colcon.colcon_core.package_identification:_identify(.) by extensions ['ros']
[1.325s] Level 1:colcon.colcon_core.package_identification:_identify(.) by extension 'ros'
[1.630s] Level 1:colcon.colcon_core.package_identification:_identify(.) by extensions ['cmake', 'python']
[1.631s] Level 1:colcon.colcon_core.package_identification:_identify(.) by extension 'cmake'
[1.631s] Level 1:colcon.colcon_core.package_identification:_identify(.) by extension 'python'
[1.632s] Level 1:colcon.colcon_core.package_identification:_identify(.) by extensions ['python_setup_py']
[1.632s] Level 1:colcon.colcon_core.package_identification:_identify(.) by extension 'python_setup_py'
[1.633s] Level 1:colcon.colcon_core.package_identification:_identify(build) by extensions ['ignore', 'ignore_ament_install']
[1.634s] Level 1:colcon.colcon_core.package_identification:_identify(build) by extension 'ignore'
[1.635s] Level 1:colcon.colcon_core.package_identification:_identify(build) ignored
[1.636s] Level 1:colcon.colcon_core.package_identification:_identify(install) by extensions ['ignore', 'ignore_ament_install']
[1.637s] Level 1:colcon.colcon_core.package_identification:_identify(install) by extension 'ignore'
[1.637s] Level 1:colcon.colcon_core.package_identification:_identify(install) ignored
[1.638s] Level 1:colcon.colcon_core.package_identification:_identify(log) by extensions ['ignore', 'ignore_ament_install']
[1.639s] Level 1:colcon.colcon_core.package_identification:_identify(log) by extension 'ignore'
[1.640s] Level 1:colcon.colcon_core.package_identification:_identify(log) ignored
[1.641s] Level 1:colcon.colcon_core.package_identification:_identify(src) by extensions ['ignore', 'ignore_ament_install']
[1.641s] Level 1:colcon.colcon_core.package_identification:_identify(src) by extension 'ignore'
[1.642s] Level 1:colcon.colcon_core.package_identification:_identify(src) by extension 'ignore_ament_install'
[1.643s] Level 1:colcon.colcon_core.package_identification:_identify(src) by extensions ['colcon_pkg']
[1.643s] Level 1:colcon.colcon_core.package_identification:_identify(src) by extension 'colcon_pkg'
[1.644s] Level 1:colcon.colcon_core.package_identification:_identify(src) by extensions ['colcon_meta']
[1.644s] Level 1:colcon.colcon_core.package_identification:_identify(src) by extension 'colcon_meta'
[1.644s] Level 1:colcon.colcon_core.package_identification:_identify(src) by extensions ['ros']
[1.645s] Level 1:colcon.colcon_core.package_identification:_identify(src) by extension 'ros'
[1.646s] Level 1:colcon.colcon_core.package_identification:_identify(src) by extensions ['cmake', 'python']
[1.646s] Level 1:colcon.colcon_core.package_identification:_identify(src) by extension 'cmake'
[1.647s] Level 1:colcon.colcon_core.package_identification:_identify(src) by extension 'python'
[1.647s] Level 1:colcon.colcon_core.package_identification:_identify(src) by extensions ['python_setup_py']
[1.648s] Level 1:colcon.colcon_core.package_identification:_identify(src) by extension 'python_setup_py'
[1.649s] Level 1:colcon.colcon_core.package_identification:_identify(src/r2d2_audio) by extensions ['ignore', 'ignore_ament_install']
[1.650s] Level 1:colcon.colcon_core.package_identification:_identify(src/r2d2_audio) by extension 'ignore'
[1.651s] Level 1:colcon.colcon_core.package_identification:_identify(src/r2d2_audio) by extension 'ignore_ament_install'
[1.651s] Level 1:colcon.colcon_core.package_identification:_identify(src/r2d2_audio) by extensions ['colcon_pkg']
[1.652s] Level 1:colcon.colcon_core.package_identification:_identify(src/r2d2_audio) by extension 'colcon_pkg'
[1.652s] Level 1:colcon.colcon_core.package_identification:_identify(src/r2d2_audio) by extensions ['colcon_meta']
[1.652s] Level 1:colcon.colcon_core.package_identification:_identify(src/r2d2_audio) by extension 'colcon_meta'
[1.653s] Level 1:colcon.colcon_core.package_identification:_identify(src/r2d2_audio) by extensions ['ros']
[1.653s] Level 1:colcon.colcon_core.package_identification:_identify(src/r2d2_audio) by extension 'ros'
[1.680s] DEBUG:colcon.colcon_core.package_identification:Found ROS schema reference in package manifest in 'src/r2d2_audio'
[1.681s] WARNING:colcon.colcon_core.package_identification:Failed to parse ROS package manifest in 'src/r2d2_audio': Error(s) in package 'src/r2d2_audio/package.xml':
Invalid email "r2d2@localhost" for person "r2d2"
[1.682s] Level 1:colcon.colcon_core.package_identification:_identify(src/r2d2_audio) by extensions ['cmake', 'python']
[1.682s] Level 1:colcon.colcon_core.package_identification:_identify(src/r2d2_audio) by extension 'cmake'
[1.683s] Level 1:colcon.colcon_core.package_identification:_identify(src/r2d2_audio) by extension 'python'
[1.684s] DEBUG:colcon.colcon_core.package_identification:Python package in 'src/r2d2_audio' passes arguments to the setup() function which requires a different identification extension than 'python'
[1.684s] Level 1:colcon.colcon_core.package_identification:_identify(src/r2d2_audio) by extensions ['python_setup_py']
[1.685s] Level 1:colcon.colcon_core.package_identification:_identify(src/r2d2_audio) by extension 'python_setup_py'
[3.254s] DEBUG:colcon.colcon_core.package_identification:Package 'src/r2d2_audio' with type 'python' and name 'r2d2_audio'
[3.255s] Level 1:colcon.colcon_core.package_identification:_identify(src/r2d2_base) by extensions ['ignore', 'ignore_ament_install']
[3.256s] Level 1:colcon.colcon_core.package_identification:_identify(src/r2d2_base) by extension 'ignore'
[3.257s] Level 1:colcon.colcon_core.package_identification:_identify(src/r2d2_base) by extension 'ignore_ament_install'
[3.258s] Level 1:colcon.colcon_core.package_identification:_identify(src/r2d2_base) by extensions ['colcon_pkg']
[3.258s] Level 1:colcon.colcon_core.package_identification:_identify(src/r2d2_base) by extension 'colcon_pkg'
[3.259s] Level 1:colcon.colcon_core.package_identification:_identify(src/r2d2_base) by extensions ['colcon_meta']
[3.259s] Level 1:colcon.colcon_core.package_identification:_identify(src/r2d2_base) by extension 'colcon_meta'
[3.260s] Level 1:colcon.colcon_core.package_identification:_identify(src/r2d2_base) by extensions ['ros']
[3.261s] Level 1:colcon.colcon_core.package_identification:_identify(src/r2d2_base) by extension 'ros'
[3.267s] DEBUG:colcon.colcon_core.package_identification:Found ROS schema reference in package manifest in 'src/r2d2_base'
[3.267s] WARNING:colcon.colcon_core.package_identification:Failed to parse ROS package manifest in 'src/r2d2_base': Error(s) in package 'src/r2d2_base/package.xml':
Invalid email "r2d2@localhost" for person "r2d2"
[3.268s] Level 1:colcon.colcon_core.package_identification:_identify(src/r2d2_base) by extensions ['cmake', 'python']
[3.268s] Level 1:colcon.colcon_core.package_identification:_identify(src/r2d2_base) by extension 'cmake'
[3.269s] Level 1:colcon.colcon_core.package_identification:_identify(src/r2d2_base) by extension 'python'
[3.270s] DEBUG:colcon.colcon_core.package_identification:Python package in 'src/r2d2_base' passes arguments to the setup() function which requires a different identification extension than 'python'
[3.270s] Level 1:colcon.colcon_core.package_identification:_identify(src/r2d2_base) by extensions ['python_setup_py']
[3.271s] Level 1:colcon.colcon_core.package_identification:_identify(src/r2d2_base) by extension 'python_setup_py'
[5.316s] DEBUG:colcon.colcon_core.package_identification:Package 'src/r2d2_base' with type 'python' and name 'r2d2_base'
[5.318s] Level 1:colcon.colcon_core.package_identification:_identify(src/r2d2_behavior) by extensions ['ignore', 'ignore_ament_install']
[5.319s] Level 1:colcon.colcon_core.package_identification:_identify(src/r2d2_behavior) by extension 'ignore'
[5.320s] Level 1:colcon.colcon_core.package_identification:_identify(src/r2d2_behavior) by extension 'ignore_ament_install'
[5.321s] Level 1:colcon.colcon_core.package_identification:_identify(src/r2d2_behavior) by extensions ['colcon_pkg']
[5.321s] Level 1:colcon.colcon_core.package_identification:_identify(src/r2d2_behavior) by extension 'colcon_pkg'
[5.321s] Level 1:colcon.colcon_core.package_identification:_identify(src/r2d2_behavior) by extensions ['colcon_meta']
[5.322s] Level 1:colcon.colcon_core.package_identification:_identify(src/r2d2_behavior) by extension 'colcon_meta'
[5.322s] Level 1:colcon.colcon_core.package_identification:_identify(src/r2d2_behavior) by extensions ['ros']
[5.323s] Level 1:colcon.colcon_core.package_identification:_identify(src/r2d2_behavior) by extension 'ros'
[5.328s] DEBUG:colcon.colcon_core.package_identification:Found ROS schema reference in package manifest in 'src/r2d2_behavior'
[5.328s] WARNING:colcon.colcon_core.package_identification:Failed to parse ROS package manifest in 'src/r2d2_behavior': Error(s) in package 'src/r2d2_behavior/package.xml':
Invalid email "r2d2@localhost" for person "r2d2"
[5.329s] Level 1:colcon.colcon_core.package_identification:_identify(src/r2d2_behavior) by extensions ['cmake', 'python']
[5.329s] Level 1:colcon.colcon_core.package_identification:_identify(src/r2d2_behavior) by extension 'cmake'
[5.330s] Level 1:colcon.colcon_core.package_identification:_identify(src/r2d2_behavior) by extension 'python'
[5.331s] DEBUG:colcon.colcon_core.package_identification:Python package in 'src/r2d2_behavior' passes arguments to the setup() function which requires a different identification extension than 'python'
[5.332s] Level 1:colcon.colcon_core.package_identification:_identify(src/r2d2_behavior) by extensions ['python_setup_py']
[5.332s] Level 1:colcon.colcon_core.package_identification:_identify(src/r2d2_behavior) by extension 'python_setup_py'
[7.593s] DEBUG:colcon.colcon_core.package_identification:Package 'src/r2d2_behavior' with type 'python' and name 'r2d2_behavior'
[7.594s] Level 1:colcon.colcon_core.package_identification:_identify(src/r2d2_bringup) by extensions ['ignore', 'ignore_ament_install']
[7.595s] Level 1:colcon.colcon_core.package_identification:_identify(src/r2d2_bringup) by extension 'ignore'
[7.596s] Level 1:colcon.colcon_core.package_identification:_identify(src/r2d2_bringup) by extension 'ignore_ament_install'
[7.596s] Level 1:colcon.colcon_core.package_identification:_identify(src/r2d2_bringup) by extensions ['colcon_pkg']
[7.597s] Level 1:colcon.colcon_core.package_identification:_identify(src/r2d2_bringup) by extension 'colcon_pkg'
[7.597s] Level 1:colcon.colcon_core.package_identification:_identify(src/r2d2_bringup) by extensions ['colcon_meta']
[7.598s] Level 1:colcon.colcon_core.package_identification:_identify(src/r2d2_bringup) by extension 'colcon_meta'
[7.598s] Level 1:colcon.colcon_core.package_identification:_identify(src/r2d2_bringup) by extensions ['ros']
[7.598s] Level 1:colcon.colcon_core.package_identification:_identify(src/r2d2_bringup) by extension 'ros'
[7.605s] DEBUG:colcon.colcon_core.package_identification:Found ROS schema reference in package manifest in 'src/r2d2_bringup'
[7.605s] WARNING:colcon.colcon_core.package_identification:Failed to parse ROS package manifest in 'src/r2d2_bringup': Error(s) in package 'src/r2d2_bringup/package.xml':
Invalid email "r2d2@localhost" for person "r2d2"
[7.606s] Level 1:colcon.colcon_core.package_identification:_identify(src/r2d2_bringup) by extensions ['cmake', 'python']
[7.607s] Level 1:colcon.colcon_core.package_identification:_identify(src/r2d2_bringup) by extension 'cmake'
[7.607s] Level 1:colcon.colcon_core.package_identification:_identify(src/r2d2_bringup) by extension 'python'
[7.608s] DEBUG:colcon.colcon_core.package_identification:Python package in 'src/r2d2_bringup' passes arguments to the setup() function which requires a different identification extension than 'python'
[7.609s] Level 1:colcon.colcon_core.package_identification:_identify(src/r2d2_bringup) by extensions ['python_setup_py']
[7.609s] Level 1:colcon.colcon_core.package_identification:_identify(src/r2d2_bringup) by extension 'python_setup_py'
[9.683s] DEBUG:colcon.colcon_core.package_identification:Package 'src/r2d2_bringup' with type 'python' and name 'r2d2_bringup'
[9.684s] Level 1:colcon.colcon_core.package_identification:_identify(src/r2d2_description) by extensions ['ignore', 'ignore_ament_install']
[9.685s] Level 1:colcon.colcon_core.package_identification:_identify(src/r2d2_description) by extension 'ignore'
[9.686s] Level 1:colcon.colcon_core.package_identification:_identify(src/r2d2_description) by extension 'ignore_ament_install'
[9.687s] Level 1:colcon.colcon_core.package_identification:_identify(src/r2d2_description) by extensions ['colcon_pkg']
[9.687s] Level 1:colcon.colcon_core.package_identification:_identify(src/r2d2_description) by extension 'colcon_pkg'
[9.687s] Level 1:colcon.colcon_core.package_identification:_identify(src/r2d2_description) by extensions ['colcon_meta']
[9.688s] Level 1:colcon.colcon_core.package_identification:_identify(src/r2d2_description) by extension 'colcon_meta'
[9.688s] Level 1:colcon.colcon_core.package_identification:_identify(src/r2d2_description) by extensions ['ros']
[9.689s] Level 1:colcon.colcon_core.package_identification:_identify(src/r2d2_description) by extension 'ros'
[9.694s] DEBUG:colcon.colcon_core.package_identification:Found ROS schema reference in package manifest in 'src/r2d2_description'
[9.694s] WARNING:colcon.colcon_core.package_identification:Failed to parse ROS package manifest in 'src/r2d2_description': Error(s) in package 'src/r2d2_description/package.xml':
Invalid email "r2d2@localhost" for person "r2d2"
[9.695s] Level 1:colcon.colcon_core.package_identification:_identify(src/r2d2_description) by extensions ['cmake', 'python']
[9.696s] Level 1:colcon.colcon_core.package_identification:_identify(src/r2d2_description) by extension 'cmake'
[9.705s] Level 1:colcon.colcon_core.package_identification:_identify(src/r2d2_description) by extension 'python'
[9.706s] DEBUG:colcon.colcon_core.package_identification:Package 'src/r2d2_description' with type 'cmake' and name 'r2d2_description'
[9.707s] Level 1:colcon.colcon_core.package_identification:_identify(src/r2d2_head) by extensions ['ignore', 'ignore_ament_install']
[9.707s] Level 1:colcon.colcon_core.package_identification:_identify(src/r2d2_head) by extension 'ignore'
[9.708s] Level 1:colcon.colcon_core.package_identification:_identify(src/r2d2_head) by extension 'ignore_ament_install'
[9.709s] Level 1:colcon.colcon_core.package_identification:_identify(src/r2d2_head) by extensions ['colcon_pkg']
[9.709s] Level 1:colcon.colcon_core.package_identification:_identify(src/r2d2_head) by extension 'colcon_pkg'
[9.710s] Level 1:colcon.colcon_core.package_identification:_identify(src/r2d2_head) by extensions ['colcon_meta']
[9.710s] Level 1:colcon.colcon_core.package_identification:_identify(src/r2d2_head) by extension 'colcon_meta'
[9.710s] Level 1:colcon.colcon_core.package_identification:_identify(src/r2d2_head) by extensions ['ros']
[9.711s] Level 1:colcon.colcon_core.package_identification:_identify(src/r2d2_head) by extension 'ros'
[9.716s] DEBUG:colcon.colcon_core.package_identification:Found ROS schema reference in package manifest in 'src/r2d2_head'
[9.716s] WARNING:colcon.colcon_core.package_identification:Failed to parse ROS package manifest in 'src/r2d2_head': Error(s) in package 'src/r2d2_head/package.xml':
Invalid email "r2d2@localhost" for person "r2d2"
[9.717s] Level 1:colcon.colcon_core.package_identification:_identify(src/r2d2_head) by extensions ['cmake', 'python']
[9.717s] Level 1:colcon.colcon_core.package_identification:_identify(src/r2d2_head) by extension 'cmake'
[9.718s] Level 1:colcon.colcon_core.package_identification:_identify(src/r2d2_head) by extension 'python'
[9.719s] DEBUG:colcon.colcon_core.package_identification:Python package in 'src/r2d2_head' passes arguments to the setup() function which requires a different identification extension than 'python'
[9.719s] Level 1:colcon.colcon_core.package_identification:_identify(src/r2d2_head) by extensions ['python_setup_py']
[9.719s] Level 1:colcon.colcon_core.package_identification:_identify(src/r2d2_head) by extension 'python_setup_py'
[11.832s] DEBUG:colcon.colcon_core.package_identification:Package 'src/r2d2_head' with type 'python' and name 'r2d2_head'
[11.833s] Level 1:colcon.colcon_core.package_identification:_identify(src/r2d2_perception) by extensions ['ignore', 'ignore_ament_install']
[11.834s] Level 1:colcon.colcon_core.package_identification:_identify(src/r2d2_perception) by extension 'ignore'
[11.835s] Level 1:colcon.colcon_core.package_identification:_identify(src/r2d2_perception) by extension 'ignore_ament_install'
[11.835s] Level 1:colcon.colcon_core.package_identification:_identify(src/r2d2_perception) by extensions ['colcon_pkg']
[11.836s] Level 1:colcon.colcon_core.package_identification:_identify(src/r2d2_perception) by extension 'colcon_pkg'
[11.836s] Level 1:colcon.colcon_core.package_identification:_identify(src/r2d2_perception) by extensions ['colcon_meta']
[11.837s] Level 1:colcon.colcon_core.package_identification:_identify(src/r2d2_perception) by extension 'colcon_meta'
[11.837s] Level 1:colcon.colcon_core.package_identification:_identify(src/r2d2_perception) by extensions ['ros']
[11.837s] Level 1:colcon.colcon_core.package_identification:_identify(src/r2d2_perception) by extension 'ros'
[11.843s] DEBUG:colcon.colcon_core.package_identification:Found ROS schema reference in package manifest in 'src/r2d2_perception'
[11.843s] WARNING:colcon.colcon_core.package_identification:Failed to parse ROS package manifest in 'src/r2d2_perception': Error(s) in package 'src/r2d2_perception/package.xml':
Invalid email "r2d2@localhost" for person "r2d2"
[11.844s] Level 1:colcon.colcon_core.package_identification:_identify(src/r2d2_perception) by extensions ['cmake', 'python']
[11.844s] Level 1:colcon.colcon_core.package_identification:_identify(src/r2d2_perception) by extension 'cmake'
[11.845s] Level 1:colcon.colcon_core.package_identification:_identify(src/r2d2_perception) by extension 'python'
[11.846s] DEBUG:colcon.colcon_core.package_identification:Python package in 'src/r2d2_perception' passes arguments to the setup() function which requires a different identification extension than 'python'
[11.846s] Level 1:colcon.colcon_core.package_identification:_identify(src/r2d2_perception) by extensions ['python_setup_py']
[11.847s] Level 1:colcon.colcon_core.package_identification:_identify(src/r2d2_perception) by extension 'python_setup_py'
[13.940s] DEBUG:colcon.colcon_core.package_identification:Package 'src/r2d2_perception' with type 'python' and name 'r2d2_perception'
[13.940s] Level 1:colcon.colcon_core.package_discovery:discover_packages(recursive) using defaults
[13.940s] Level 1:colcon.colcon_core.package_discovery:discover_packages(ignore) discover
[13.941s] Level 1:colcon.colcon_core.package_discovery:discover_packages(ignore) using defaults
[13.941s] Level 1:colcon.colcon_core.package_discovery:discover_packages(path) discover
[13.941s] Level 1:colcon.colcon_core.package_discovery:discover_packages(path) using defaults
[14.043s] Level 1:colcon.colcon_core.package_discovery:discover_packages(prefix_path) check parameters
[14.044s] Level 1:colcon.colcon_core.package_discovery:discover_packages(prefix_path) discover
[14.064s] DEBUG:colcon.colcon_installed_package_information.package_discovery:Found 212 installed packages in /opt/ros/jazzy
[14.071s] Level 1:colcon.colcon_core.package_discovery:discover_packages(prefix_path) using defaults
[14.211s] Level 5:colcon.colcon_core.verb:set package 'r2d2_audio' build argument 'cmake_args' from command line to 'None'
[14.211s] Level 5:colcon.colcon_core.verb:set package 'r2d2_audio' build argument 'cmake_target' from command line to 'None'
[14.211s] Level 5:colcon.colcon_core.verb:set package 'r2d2_audio' build argument 'cmake_target_skip_unavailable' from command line to 'False'
[14.211s] Level 5:colcon.colcon_core.verb:set package 'r2d2_audio' build argument 'cmake_clean_cache' from command line to 'False'
[14.211s] Level 5:colcon.colcon_core.verb:set package 'r2d2_audio' build argument 'cmake_clean_first' from command line to 'False'
[14.211s] Level 5:colcon.colcon_core.verb:set package 'r2d2_audio' build argument 'cmake_force_configure' from command line to 'False'
[14.211s] Level 5:colcon.colcon_core.verb:set package 'r2d2_audio' build argument 'ament_cmake_args' from command line to 'None'
[14.212s] Level 5:colcon.colcon_core.verb:set package 'r2d2_audio' build argument 'catkin_cmake_args' from command line to 'None'
[14.212s] Level 5:colcon.colcon_core.verb:set package 'r2d2_audio' build argument 'catkin_skip_building_tests' from command line to 'False'
[14.212s] DEBUG:colcon.colcon_core.verb:Building package 'r2d2_audio' with the following arguments: {'ament_cmake_args': None, 'build_base': '/home/r2d2/ros2_ws/build/r2d2_audio', 'catkin_cmake_args': None, 'catkin_skip_building_tests': False, 'cmake_args': None, 'cmake_clean_cache': False, 'cmake_clean_first': False, 'cmake_force_configure': False, 'cmake_target': None, 'cmake_target_skip_unavailable': False, 'install_base': '/home/r2d2/ros2_ws/install/r2d2_audio', 'merge_install': False, 'path': '/home/r2d2/ros2_ws/src/r2d2_audio', 'symlink_install': True, 'test_result_base': None}
[14.213s] Level 5:colcon.colcon_core.verb:set package 'r2d2_base' build argument 'cmake_args' from command line to 'None'
[14.213s] Level 5:colcon.colcon_core.verb:set package 'r2d2_base' build argument 'cmake_target' from command line to 'None'
[14.213s] Level 5:colcon.colcon_core.verb:set package 'r2d2_base' build argument 'cmake_target_skip_unavailable' from command line to 'False'
[14.213s] Level 5:colcon.colcon_core.verb:set package 'r2d2_base' build argument 'cmake_clean_cache' from command line to 'False'
[14.213s] Level 5:colcon.colcon_core.verb:set package 'r2d2_base' build argument 'cmake_clean_first' from command line to 'False'
[14.213s] Level 5:colcon.colcon_core.verb:set package 'r2d2_base' build argument 'cmake_force_configure' from command line to 'False'
[14.214s] Level 5:colcon.colcon_core.verb:set package 'r2d2_base' build argument 'ament_cmake_args' from command line to 'None'
[14.214s] Level 5:colcon.colcon_core.verb:set package 'r2d2_base' build argument 'catkin_cmake_args' from command line to 'None'
[14.214s] Level 5:colcon.colcon_core.verb:set package 'r2d2_base' build argument 'catkin_skip_building_tests' from command line to 'False'
[14.214s] DEBUG:colcon.colcon_core.verb:Building package 'r2d2_base' with the following arguments: {'ament_cmake_args': None, 'build_base': '/home/r2d2/ros2_ws/build/r2d2_base', 'catkin_cmake_args': None, 'catkin_skip_building_tests': False, 'cmake_args': None, 'cmake_clean_cache': False, 'cmake_clean_first': False, 'cmake_force_configure': False, 'cmake_target': None, 'cmake_target_skip_unavailable': False, 'install_base': '/home/r2d2/ros2_ws/install/r2d2_base', 'merge_install': False, 'path': '/home/r2d2/ros2_ws/src/r2d2_base', 'symlink_install': True, 'test_result_base': None}
[14.215s] Level 5:colcon.colcon_core.verb:set package 'r2d2_behavior' build argument 'cmake_args' from command line to 'None'
[14.215s] Level 5:colcon.colcon_core.verb:set package 'r2d2_behavior' build argument 'cmake_target' from command line to 'None'
[14.215s] Level 5:colcon.colcon_core.verb:set package 'r2d2_behavior' build argument 'cmake_target_skip_unavailable' from command line to 'False'
[14.215s] Level 5:colcon.colcon_core.verb:set package 'r2d2_behavior' build argument 'cmake_clean_cache' from command line to 'False'
[14.215s] Level 5:colcon.colcon_core.verb:set package 'r2d2_behavior' build argument 'cmake_clean_first' from command line to 'False'
[14.216s] Level 5:colcon.colcon_core.verb:set package 'r2d2_behavior' build argument 'cmake_force_configure' from command line to 'False'
[14.216s] Level 5:colcon.colcon_core.verb:set package 'r2d2_behavior' build argument 'ament_cmake_args' from command line to 'None'
[14.216s] Level 5:colcon.colcon_core.verb:set package 'r2d2_behavior' build argument 'catkin_cmake_args' from command line to 'None'
[14.216s] Level 5:colcon.colcon_core.verb:set package 'r2d2_behavior' build argument 'catkin_skip_building_tests' from command line to 'False'
[14.216s] DEBUG:colcon.colcon_core.verb:Building package 'r2d2_behavior' with the following arguments: {'ament_cmake_args': None, 'build_base': '/home/r2d2/ros2_ws/build/r2d2_behavior', 'catkin_cmake_args': None, 'catkin_skip_building_tests': False, 'cmake_args': None, 'cmake_clean_cache': False, 'cmake_clean_first': False, 'cmake_force_configure': False, 'cmake_target': None, 'cmake_target_skip_unavailable': False, 'install_base': '/home/r2d2/ros2_ws/install/r2d2_behavior', 'merge_install': False, 'path': '/home/r2d2/ros2_ws/src/r2d2_behavior', 'symlink_install': True, 'test_result_base': None}
[14.217s] Level 5:colcon.colcon_core.verb:set package 'r2d2_bringup' build argument 'cmake_args' from command line to 'None'
[14.217s] Level 5:colcon.colcon_core.verb:set package 'r2d2_bringup' build argument 'cmake_target' from command line to 'None'
[14.217s] Level 5:colcon.colcon_core.verb:set package 'r2d2_bringup' build argument 'cmake_target_skip_unavailable' from command line to 'False'
[14.217s] Level 5:colcon.colcon_core.verb:set package 'r2d2_bringup' build argument 'cmake_clean_cache' from command line to 'False'
[14.217s] Level 5:colcon.colcon_core.verb:set package 'r2d2_bringup' build argument 'cmake_clean_first' from command line to 'False'
[14.218s] Level 5:colcon.colcon_core.verb:set package 'r2d2_bringup' build argument 'cmake_force_configure' from command line to 'False'
[14.218s] Level 5:colcon.colcon_core.verb:set package 'r2d2_bringup' build argument 'ament_cmake_args' from command line to 'None'
[14.218s] Level 5:colcon.colcon_core.verb:set package 'r2d2_bringup' build argument 'catkin_cmake_args' from command line to 'None'
[14.218s] Level 5:colcon.colcon_core.verb:set package 'r2d2_bringup' build argument 'catkin_skip_building_tests' from command line to 'False'
[14.218s] DEBUG:colcon.colcon_core.verb:Building package 'r2d2_bringup' with the following arguments: {'ament_cmake_args': None, 'build_base': '/home/r2d2/ros2_ws/build/r2d2_bringup', 'catkin_cmake_args': None, 'catkin_skip_building_tests': False, 'cmake_args': None, 'cmake_clean_cache': False, 'cmake_clean_first': False, 'cmake_force_configure': False, 'cmake_target': None, 'cmake_target_skip_unavailable': False, 'install_base': '/home/r2d2/ros2_ws/install/r2d2_bringup', 'merge_install': False, 'path': '/home/r2d2/ros2_ws/src/r2d2_bringup', 'symlink_install': True, 'test_result_base': None}
[14.219s] Level 5:colcon.colcon_core.verb:set package 'r2d2_description' build argument 'cmake_args' from command line to 'None'
[14.219s] Level 5:colcon.colcon_core.verb:set package 'r2d2_description' build argument 'cmake_target' from command line to 'None'
[14.219s] Level 5:colcon.colcon_core.verb:set package 'r2d2_description' build argument 'cmake_target_skip_unavailable' from command line to 'False'
[14.219s] Level 5:colcon.colcon_core.verb:set package 'r2d2_description' build argument 'cmake_clean_cache' from command line to 'False'
[14.219s] Level 5:colcon.colcon_core.verb:set package 'r2d2_description' build argument 'cmake_clean_first' from command line to 'False'
[14.220s] Level 5:colcon.colcon_core.verb:set package 'r2d2_description' build argument 'cmake_force_configure' from command line to 'False'
[14.220s] Level 5:colcon.colcon_core.verb:set package 'r2d2_description' build argument 'ament_cmake_args' from command line to 'None'
[14.220s] Level 5:colcon.colcon_core.verb:set package 'r2d2_description' build argument 'catkin_cmake_args' from command line to 'None'
[14.220s] Level 5:colcon.colcon_core.verb:set package 'r2d2_description' build argument 'catkin_skip_building_tests' from command line to 'False'
[14.220s] DEBUG:colcon.colcon_core.verb:Building package 'r2d2_description' with the following arguments: {'ament_cmake_args': None, 'build_base': '/home/r2d2/ros2_ws/build/r2d2_description', 'catkin_cmake_args': None, 'catkin_skip_building_tests': False, 'cmake_args': None, 'cmake_clean_cache': False, 'cmake_clean_first': False, 'cmake_force_configure': False, 'cmake_target': None, 'cmake_target_skip_unavailable': False, 'install_base': '/home/r2d2/ros2_ws/install/r2d2_description', 'merge_install': False, 'path': '/home/r2d2/ros2_ws/src/r2d2_description', 'symlink_install': True, 'test_result_base': None}
[14.221s] Level 5:colcon.colcon_core.verb:set package 'r2d2_head' build argument 'cmake_args' from command line to 'None'
[14.221s] Level 5:colcon.colcon_core.verb:set package 'r2d2_head' build argument 'cmake_target' from command line to 'None'
[14.221s] Level 5:colcon.colcon_core.verb:set package 'r2d2_head' build argument 'cmake_target_skip_unavailable' from command line to 'False'
[14.221s] Level 5:colcon.colcon_core.verb:set package 'r2d2_head' build argument 'cmake_clean_cache' from command line to 'False'
[14.221s] Level 5:colcon.colcon_core.verb:set package 'r2d2_head' build argument 'cmake_clean_first' from command line to 'False'
[14.221s] Level 5:colcon.colcon_core.verb:set package 'r2d2_head' build argument 'cmake_force_configure' from command line to 'False'
[14.222s] Level 5:colcon.colcon_core.verb:set package 'r2d2_head' build argument 'ament_cmake_args' from command line to 'None'
[14.222s] Level 5:colcon.colcon_core.verb:set package 'r2d2_head' build argument 'catkin_cmake_args' from command line to 'None'
[14.222s] Level 5:colcon.colcon_core.verb:set package 'r2d2_head' build argument 'catkin_skip_building_tests' from command line to 'False'
[14.222s] DEBUG:colcon.colcon_core.verb:Building package 'r2d2_head' with the following arguments: {'ament_cmake_args': None, 'build_base': '/home/r2d2/ros2_ws/build/r2d2_head', 'catkin_cmake_args': None, 'catkin_skip_building_tests': False, 'cmake_args': None, 'cmake_clean_cache': False, 'cmake_clean_first': False, 'cmake_force_configure': False, 'cmake_target': None, 'cmake_target_skip_unavailable': False, 'install_base': '/home/r2d2/ros2_ws/install/r2d2_head', 'merge_install': False, 'path': '/home/r2d2/ros2_ws/src/r2d2_head', 'symlink_install': True, 'test_result_base': None}
[14.223s] Level 5:colcon.colcon_core.verb:set package 'r2d2_perception' build argument 'cmake_args' from command line to 'None'
[14.223s] Level 5:colcon.colcon_core.verb:set package 'r2d2_perception' build argument 'cmake_target' from command line to 'None'
[14.223s] Level 5:colcon.colcon_core.verb:set package 'r2d2_perception' build argument 'cmake_target_skip_unavailable' from command line to 'False'
[14.223s] Level 5:colcon.colcon_core.verb:set package 'r2d2_perception' build argument 'cmake_clean_cache' from command line to 'False'
[14.223s] Level 5:colcon.colcon_core.verb:set package 'r2d2_perception' build argument 'cmake_clean_first' from command line to 'False'
[14.223s] Level 5:colcon.colcon_core.verb:set package 'r2d2_perception' build argument 'cmake_force_configure' from command line to 'False'
[14.224s] Level 5:colcon.colcon_core.verb:set package 'r2d2_perception' build argument 'ament_cmake_args' from command line to 'None'
[14.224s] Level 5:colcon.colcon_core.verb:set package 'r2d2_perception' build argument 'catkin_cmake_args' from command line to 'None'
[14.224s] Level 5:colcon.colcon_core.verb:set package 'r2d2_perception' build argument 'catkin_skip_building_tests' from command line to 'False'
[14.224s] DEBUG:colcon.colcon_core.verb:Building package 'r2d2_perception' with the following arguments: {'ament_cmake_args': None, 'build_base': '/home/r2d2/ros2_ws/build/r2d2_perception', 'catkin_cmake_args': None, 'catkin_skip_building_tests': False, 'cmake_args': None, 'cmake_clean_cache': False, 'cmake_clean_first': False, 'cmake_force_configure': False, 'cmake_target': None, 'cmake_target_skip_unavailable': False, 'install_base': '/home/r2d2/ros2_ws/install/r2d2_perception', 'merge_install': False, 'path': '/home/r2d2/ros2_ws/src/r2d2_perception', 'symlink_install': True, 'test_result_base': None}
[14.224s] INFO:colcon.colcon_core.executor:Executing jobs using 'parallel' executor
[14.227s] DEBUG:colcon.colcon_parallel_executor.executor.parallel:run_until_complete
[14.228s] INFO:colcon.colcon_core.task.python.build:Building Python package in '/home/r2d2/ros2_ws/src/r2d2_audio'
[14.242s] INFO:colcon.colcon_core.plugin_system:Skipping extension 'colcon_core.shell.bat': Not used on non-Windows systems
[14.243s] INFO:colcon.colcon_core.shell:Skip shell extension 'powershell' for command environment: Not usable outside of PowerShell
[14.243s] DEBUG:colcon.colcon_core.shell:Skip shell extension 'dsv' for command environment
[14.260s] INFO:colcon.colcon_core.task.python.build:Building Python package in '/home/r2d2/ros2_ws/src/r2d2_base'
[14.261s] INFO:colcon.colcon_core.shell:Skip shell extension 'powershell' for command environment: Not usable outside of PowerShell
[14.261s] DEBUG:colcon.colcon_core.shell:Skip shell extension 'dsv' for command environment
[14.275s] INFO:colcon.colcon_core.task.python.build:Building Python package in '/home/r2d2/ros2_ws/src/r2d2_behavior'
[14.276s] INFO:colcon.colcon_core.shell:Skip shell extension 'powershell' for command environment: Not usable outside of PowerShell
[14.276s] DEBUG:colcon.colcon_core.shell:Skip shell extension 'dsv' for command environment
[14.291s] INFO:colcon.colcon_core.task.python.build:Building Python package in '/home/r2d2/ros2_ws/src/r2d2_bringup'
[14.291s] INFO:colcon.colcon_core.shell:Skip shell extension 'powershell' for command environment: Not usable outside of PowerShell
[14.292s] DEBUG:colcon.colcon_core.shell:Skip shell extension 'dsv' for command environment
[24.622s] DEBUG:colcon.colcon_core.event_handler.log_command:Invoking command in '/home/r2d2/ros2_ws/build/r2d2_audio': PYTHONPATH=/home/r2d2/ros2_ws/build/r2d2_audio/prefix_override:/usr/lib/python3/dist-packages/colcon_core/task/python/colcon_distutils_commands:/home/r2d2/ros2_ws/install/r2d2_audio/lib/python3.12/site-packages:${PYTHONPATH} /usr/bin/python3 -W ignore:setup.py install is deprecated -W ignore:easy_install command is deprecated setup.py develop --editable --build-directory /home/r2d2/ros2_ws/build/r2d2_audio/build --no-deps symlink_data
[26.403s] DEBUG:colcon.colcon_core.event_handler.log_command:Invoking command in '/home/r2d2/ros2_ws/build/r2d2_base': PYTHONPATH=/home/r2d2/ros2_ws/build/r2d2_base/prefix_override:/usr/lib/python3/dist-packages/colcon_core/task/python/colcon_distutils_commands:/home/r2d2/ros2_ws/install/r2d2_base/lib/python3.12/site-packages:${PYTHONPATH} /usr/bin/python3 -W ignore:setup.py install is deprecated -W ignore:easy_install command is deprecated setup.py develop --editable --build-directory /home/r2d2/ros2_ws/build/r2d2_base/build --no-deps symlink_data
[30.267s] DEBUG:colcon.colcon_core.event_handler.log_command:Invoking command in '/home/r2d2/ros2_ws/build/r2d2_behavior': PYTHONPATH=/home/r2d2/ros2_ws/build/r2d2_behavior/prefix_override:/usr/lib/python3/dist-packages/colcon_core/task/python/colcon_distutils_commands:/home/r2d2/ros2_ws/install/r2d2_behavior/lib/python3.12/site-packages:${PYTHONPATH} /usr/bin/python3 -W ignore:setup.py install is deprecated -W ignore:easy_install command is deprecated setup.py develop --editable --build-directory /home/r2d2/ros2_ws/build/r2d2_behavior/build --no-deps symlink_data
[33.235s] DEBUG:colcon.colcon_core.event_handler.log_command:Invoking command in '/home/r2d2/ros2_ws/build/r2d2_bringup': PYTHONPATH=/home/r2d2/ros2_ws/build/r2d2_bringup/prefix_override:/usr/lib/python3/dist-packages/colcon_core/task/python/colcon_distutils_commands:/home/r2d2/ros2_ws/install/r2d2_bringup/lib/python3.12/site-packages:${PYTHONPATH} /usr/bin/python3 -W ignore:setup.py install is deprecated -W ignore:easy_install command is deprecated setup.py develop --editable --build-directory /home/r2d2/ros2_ws/build/r2d2_bringup/build --no-deps symlink_data
[35.079s] Level 1:colcon.colcon_core.shell:create_environment_hook('r2d2_audio', 'pythonpath_develop')
[35.081s] INFO:colcon.colcon_core.shell:Creating environment hook '/home/r2d2/ros2_ws/build/r2d2_audio/share/r2d2_audio/hook/pythonpath_develop.ps1'
[35.085s] DEBUG:colcon.colcon_core.event_handler.log_command:Invoked command in '/home/r2d2/ros2_ws/build/r2d2_audio' returned '0': PYTHONPATH=/home/r2d2/ros2_ws/build/r2d2_audio/prefix_override:/usr/lib/python3/dist-packages/colcon_core/task/python/colcon_distutils_commands:/home/r2d2/ros2_ws/install/r2d2_audio/lib/python3.12/site-packages:${PYTHONPATH} /usr/bin/python3 -W ignore:setup.py install is deprecated -W ignore:easy_install command is deprecated setup.py develop --editable --build-directory /home/r2d2/ros2_ws/build/r2d2_audio/build --no-deps symlink_data
[35.093s] INFO:colcon.colcon_core.shell:Creating environment descriptor '/home/r2d2/ros2_ws/build/r2d2_audio/share/r2d2_audio/hook/pythonpath_develop.dsv'
[35.099s] INFO:colcon.colcon_core.shell:Creating environment hook '/home/r2d2/ros2_ws/build/r2d2_audio/share/r2d2_audio/hook/pythonpath_develop.sh'
[35.143s] Level 1:colcon.colcon_core.environment:checking '/home/r2d2/ros2_ws/install/r2d2_audio' for CMake module files
[35.151s] Level 1:colcon.colcon_core.environment:checking '/home/r2d2/ros2_ws/install/r2d2_audio' for CMake config files
[35.158s] Level 1:colcon.colcon_core.environment:checking '/home/r2d2/ros2_ws/install/r2d2_audio/lib'
[35.160s] Level 1:colcon.colcon_core.environment:checking '/home/r2d2/ros2_ws/install/r2d2_audio/bin'
[35.161s] Level 1:colcon.colcon_core.environment:checking '/home/r2d2/ros2_ws/install/r2d2_audio/lib/pkgconfig/r2d2_audio.pc'
[35.164s] Level 1:colcon.colcon_core.environment:checking '/home/r2d2/ros2_ws/install/r2d2_audio/lib/python3.12/site-packages'
[35.166s] Level 1:colcon.colcon_core.shell:create_environment_hook('r2d2_audio', 'pythonpath')
[35.168s] INFO:colcon.colcon_core.shell:Creating environment hook '/home/r2d2/ros2_ws/install/r2d2_audio/share/r2d2_audio/hook/pythonpath.ps1'
[35.174s] INFO:colcon.colcon_core.shell:Creating environment descriptor '/home/r2d2/ros2_ws/install/r2d2_audio/share/r2d2_audio/hook/pythonpath.dsv'
[35.181s] INFO:colcon.colcon_core.shell:Creating environment hook '/home/r2d2/ros2_ws/install/r2d2_audio/share/r2d2_audio/hook/pythonpath.sh'
[35.193s] Level 1:colcon.colcon_core.environment:checking '/home/r2d2/ros2_ws/install/r2d2_audio/bin'
[35.194s] Level 1:colcon.colcon_core.environment:create_environment_scripts_only(r2d2_audio)
[35.196s] INFO:colcon.colcon_core.shell:Creating package script '/home/r2d2/ros2_ws/install/r2d2_audio/share/r2d2_audio/package.ps1'
[35.206s] INFO:colcon.colcon_core.shell:Creating package descriptor '/home/r2d2/ros2_ws/install/r2d2_audio/share/r2d2_audio/package.dsv'
[35.215s] INFO:colcon.colcon_core.shell:Creating package script '/home/r2d2/ros2_ws/install/r2d2_audio/share/r2d2_audio/package.sh'
[35.228s] INFO:colcon.colcon_core.shell:Creating package script '/home/r2d2/ros2_ws/install/r2d2_audio/share/r2d2_audio/package.bash'
[35.265s] INFO:colcon.colcon_core.shell:Creating package script '/home/r2d2/ros2_ws/install/r2d2_audio/share/r2d2_audio/package.zsh'
[35.293s] Level 1:colcon.colcon_core.environment:create_file_with_runtime_dependencies(/home/r2d2/ros2_ws/install/r2d2_audio/share/colcon-core/packages/r2d2_audio)
[35.308s] INFO:colcon.colcon_cmake.task.cmake.build:Building CMake package in '/home/r2d2/ros2_ws/src/r2d2_description'
[35.309s] INFO:colcon.colcon_core.shell:Skip shell extension 'powershell' for command environment: Not usable outside of PowerShell
[35.310s] DEBUG:colcon.colcon_core.shell:Skip shell extension 'dsv' for command environment
[35.413s] DEBUG:colcon.colcon_core.event_handler.log_command:Invoking command in '/home/r2d2/ros2_ws/build/r2d2_description': /usr/bin/cmake /home/r2d2/ros2_ws/src/r2d2_description -DCMAKE_INSTALL_PREFIX=/home/r2d2/ros2_ws/install/r2d2_description
[36.918s] Level 1:colcon.colcon_core.shell:create_environment_hook('r2d2_base', 'pythonpath_develop')
[36.923s] INFO:colcon.colcon_core.shell:Creating environment hook '/home/r2d2/ros2_ws/build/r2d2_base/share/r2d2_base/hook/pythonpath_develop.ps1'
[36.921s] DEBUG:colcon.colcon_core.event_handler.log_command:Invoked command in '/home/r2d2/ros2_ws/build/r2d2_base' returned '0': PYTHONPATH=/home/r2d2/ros2_ws/build/r2d2_base/prefix_override:/usr/lib/python3/dist-packages/colcon_core/task/python/colcon_distutils_commands:/home/r2d2/ros2_ws/install/r2d2_base/lib/python3.12/site-packages:${PYTHONPATH} /usr/bin/python3 -W ignore:setup.py install is deprecated -W ignore:easy_install command is deprecated setup.py develop --editable --build-directory /home/r2d2/ros2_ws/build/r2d2_base/build --no-deps symlink_data
[36.929s] INFO:colcon.colcon_core.shell:Creating environment descriptor '/home/r2d2/ros2_ws/build/r2d2_base/share/r2d2_base/hook/pythonpath_develop.dsv'
[36.933s] INFO:colcon.colcon_core.shell:Creating environment hook '/home/r2d2/ros2_ws/build/r2d2_base/share/r2d2_base/hook/pythonpath_develop.sh'
[36.939s] Level 1:colcon.colcon_core.environment:checking '/home/r2d2/ros2_ws/install/r2d2_base' for CMake module files
[36.945s] Level 1:colcon.colcon_core.environment:checking '/home/r2d2/ros2_ws/install/r2d2_base' for CMake config files
[36.952s] Level 1:colcon.colcon_core.environment:checking '/home/r2d2/ros2_ws/install/r2d2_base/lib'
[36.953s] Level 1:colcon.colcon_core.environment:checking '/home/r2d2/ros2_ws/install/r2d2_base/bin'
[36.954s] Level 1:colcon.colcon_core.environment:checking '/home/r2d2/ros2_ws/install/r2d2_base/lib/pkgconfig/r2d2_base.pc'
[36.956s] Level 1:colcon.colcon_core.environment:checking '/home/r2d2/ros2_ws/install/r2d2_base/lib/python3.12/site-packages'
[36.958s] Level 1:colcon.colcon_core.shell:create_environment_hook('r2d2_base', 'pythonpath')
[36.959s] INFO:colcon.colcon_core.shell:Creating environment hook '/home/r2d2/ros2_ws/install/r2d2_base/share/r2d2_base/hook/pythonpath.ps1'
[36.964s] INFO:colcon.colcon_core.shell:Creating environment descriptor '/home/r2d2/ros2_ws/install/r2d2_base/share/r2d2_base/hook/pythonpath.dsv'
[36.968s] INFO:colcon.colcon_core.shell:Creating environment hook '/home/r2d2/ros2_ws/install/r2d2_base/share/r2d2_base/hook/pythonpath.sh'
[36.976s] Level 1:colcon.colcon_core.environment:checking '/home/r2d2/ros2_ws/install/r2d2_base/bin'
[36.976s] Level 1:colcon.colcon_core.environment:create_environment_scripts_only(r2d2_base)
[36.979s] INFO:colcon.colcon_core.shell:Creating package script '/home/r2d2/ros2_ws/install/r2d2_base/share/r2d2_base/package.ps1'
[36.984s] INFO:colcon.colcon_core.shell:Creating package descriptor '/home/r2d2/ros2_ws/install/r2d2_base/share/r2d2_base/package.dsv'
[36.989s] INFO:colcon.colcon_core.shell:Creating package script '/home/r2d2/ros2_ws/install/r2d2_base/share/r2d2_base/package.sh'
[36.994s] INFO:colcon.colcon_core.shell:Creating package script '/home/r2d2/ros2_ws/install/r2d2_base/share/r2d2_base/package.bash'
[36.999s] INFO:colcon.colcon_core.shell:Creating package script '/home/r2d2/ros2_ws/install/r2d2_base/share/r2d2_base/package.zsh'
[37.003s] Level 1:colcon.colcon_core.environment:create_file_with_runtime_dependencies(/home/r2d2/ros2_ws/install/r2d2_base/share/colcon-core/packages/r2d2_base)
[37.009s] INFO:colcon.colcon_core.task.python.build:Building Python package in '/home/r2d2/ros2_ws/src/r2d2_head'
[37.012s] INFO:colcon.colcon_core.shell:Skip shell extension 'powershell' for command environment: Not usable outside of PowerShell
[37.012s] DEBUG:colcon.colcon_core.shell:Skip shell extension 'dsv' for command environment
[40.623s] Level 1:colcon.colcon_core.shell:create_environment_hook('r2d2_behavior', 'pythonpath_develop')
[40.632s] INFO:colcon.colcon_core.shell:Creating environment hook '/home/r2d2/ros2_ws/build/r2d2_behavior/share/r2d2_behavior/hook/pythonpath_develop.ps1'
[40.625s] DEBUG:colcon.colcon_core.event_handler.log_command:Invoked command in '/home/r2d2/ros2_ws/build/r2d2_behavior' returned '0': PYTHONPATH=/home/r2d2/ros2_ws/build/r2d2_behavior/prefix_override:/usr/lib/python3/dist-packages/colcon_core/task/python/colcon_distutils_commands:/home/r2d2/ros2_ws/install/r2d2_behavior/lib/python3.12/site-packages:${PYTHONPATH} /usr/bin/python3 -W ignore:setup.py install is deprecated -W ignore:easy_install command is deprecated setup.py develop --editable --build-directory /home/r2d2/ros2_ws/build/r2d2_behavior/build --no-deps symlink_data
[40.650s] INFO:colcon.colcon_core.shell:Creating environment descriptor '/home/r2d2/ros2_ws/build/r2d2_behavior/share/r2d2_behavior/hook/pythonpath_develop.dsv'
[40.654s] INFO:colcon.colcon_core.shell:Creating environment hook '/home/r2d2/ros2_ws/build/r2d2_behavior/share/r2d2_behavior/hook/pythonpath_develop.sh'
[40.660s] Level 1:colcon.colcon_core.environment:checking '/home/r2d2/ros2_ws/install/r2d2_behavior' for CMake module files
[40.668s] Level 1:colcon.colcon_core.environment:checking '/home/r2d2/ros2_ws/install/r2d2_behavior' for CMake config files
[40.674s] Level 1:colcon.colcon_core.environment:checking '/home/r2d2/ros2_ws/install/r2d2_behavior/lib'
[40.676s] Level 1:colcon.colcon_core.environment:checking '/home/r2d2/ros2_ws/install/r2d2_behavior/bin'
[40.677s] Level 1:colcon.colcon_core.environment:checking '/home/r2d2/ros2_ws/install/r2d2_behavior/lib/pkgconfig/r2d2_behavior.pc'
[40.679s] Level 1:colcon.colcon_core.environment:checking '/home/r2d2/ros2_ws/install/r2d2_behavior/lib/python3.12/site-packages'
[40.681s] Level 1:colcon.colcon_core.shell:create_environment_hook('r2d2_behavior', 'pythonpath')
[40.683s] INFO:colcon.colcon_core.shell:Creating environment hook '/home/r2d2/ros2_ws/install/r2d2_behavior/share/r2d2_behavior/hook/pythonpath.ps1'
[40.688s] INFO:colcon.colcon_core.shell:Creating environment descriptor '/home/r2d2/ros2_ws/install/r2d2_behavior/share/r2d2_behavior/hook/pythonpath.dsv'
[40.696s] INFO:colcon.colcon_core.shell:Creating environment hook '/home/r2d2/ros2_ws/install/r2d2_behavior/share/r2d2_behavior/hook/pythonpath.sh'
[40.708s] Level 1:colcon.colcon_core.environment:checking '/home/r2d2/ros2_ws/install/r2d2_behavior/bin'
[40.709s] Level 1:colcon.colcon_core.environment:create_environment_scripts_only(r2d2_behavior)
[40.712s] INFO:colcon.colcon_core.shell:Creating package script '/home/r2d2/ros2_ws/install/r2d2_behavior/share/r2d2_behavior/package.ps1'
[40.720s] INFO:colcon.colcon_core.shell:Creating package descriptor '/home/r2d2/ros2_ws/install/r2d2_behavior/share/r2d2_behavior/package.dsv'
[40.731s] INFO:colcon.colcon_core.shell:Creating package script '/home/r2d2/ros2_ws/install/r2d2_behavior/share/r2d2_behavior/package.sh'
[40.739s] INFO:colcon.colcon_core.shell:Creating package script '/home/r2d2/ros2_ws/install/r2d2_behavior/share/r2d2_behavior/package.bash'
[40.744s] INFO:colcon.colcon_core.shell:Creating package script '/home/r2d2/ros2_ws/install/r2d2_behavior/share/r2d2_behavior/package.zsh'
[40.750s] Level 1:colcon.colcon_core.environment:create_file_with_runtime_dependencies(/home/r2d2/ros2_ws/install/r2d2_behavior/share/colcon-core/packages/r2d2_behavior)
[40.756s] INFO:colcon.colcon_core.task.python.build:Building Python package in '/home/r2d2/ros2_ws/src/r2d2_perception'
[40.764s] INFO:colcon.colcon_core.shell:Skip shell extension 'powershell' for command environment: Not usable outside of PowerShell
[40.764s] DEBUG:colcon.colcon_core.shell:Skip shell extension 'dsv' for command environment
[44.216s] Level 1:colcon.colcon_core.shell:create_environment_hook('r2d2_bringup', 'pythonpath_develop')
[44.219s] INFO:colcon.colcon_core.shell:Creating environment hook '/home/r2d2/ros2_ws/build/r2d2_bringup/share/r2d2_bringup/hook/pythonpath_develop.ps1'
[44.231s] INFO:colcon.colcon_core.shell:Creating environment descriptor '/home/r2d2/ros2_ws/build/r2d2_bringup/share/r2d2_bringup/hook/pythonpath_develop.dsv'
[44.238s] INFO:colcon.colcon_core.shell:Creating environment hook '/home/r2d2/ros2_ws/build/r2d2_bringup/share/r2d2_bringup/hook/pythonpath_develop.sh'
[44.251s] Level 1:colcon.colcon_core.environment:checking '/home/r2d2/ros2_ws/install/r2d2_bringup' for CMake module files
[44.269s] Level 1:colcon.colcon_core.environment:checking '/home/r2d2/ros2_ws/install/r2d2_bringup' for CMake config files
[44.285s] Level 1:colcon.colcon_core.environment:checking '/home/r2d2/ros2_ws/install/r2d2_bringup/lib'
[44.289s] Level 1:colcon.colcon_core.environment:checking '/home/r2d2/ros2_ws/install/r2d2_bringup/bin'
[44.290s] Level 1:colcon.colcon_core.environment:checking '/home/r2d2/ros2_ws/install/r2d2_bringup/lib/pkgconfig/r2d2_bringup.pc'
[44.293s] Level 1:colcon.colcon_core.environment:checking '/home/r2d2/ros2_ws/install/r2d2_bringup/lib/python3.12/site-packages'
[44.298s] Level 1:colcon.colcon_core.shell:create_environment_hook('r2d2_bringup', 'pythonpath')
[44.299s] INFO:colcon.colcon_core.shell:Creating environment hook '/home/r2d2/ros2_ws/install/r2d2_bringup/share/r2d2_bringup/hook/pythonpath.ps1'
[44.313s] INFO:colcon.colcon_core.shell:Creating environment descriptor '/home/r2d2/ros2_ws/install/r2d2_bringup/share/r2d2_bringup/hook/pythonpath.dsv'
[44.315s] INFO:colcon.colcon_core.shell:Creating environment hook '/home/r2d2/ros2_ws/install/r2d2_bringup/share/r2d2_bringup/hook/pythonpath.sh'
[44.320s] DEBUG:colcon.colcon_core.event_handler.log_command:Invoked command in '/home/r2d2/ros2_ws/build/r2d2_bringup' returned '0': PYTHONPATH=/home/r2d2/ros2_ws/build/r2d2_bringup/prefix_override:/usr/lib/python3/dist-packages/colcon_core/task/python/colcon_distutils_commands:/home/r2d2/ros2_ws/install/r2d2_bringup/lib/python3.12/site-packages:${PYTHONPATH} /usr/bin/python3 -W ignore:setup.py install is deprecated -W ignore:easy_install command is deprecated setup.py develop --editable --build-directory /home/r2d2/ros2_ws/build/r2d2_bringup/build --no-deps symlink_data
[44.324s] Level 1:colcon.colcon_core.environment:checking '/home/r2d2/ros2_ws/install/r2d2_bringup/bin'
[44.325s] Level 1:colcon.colcon_core.environment:create_environment_scripts_only(r2d2_bringup)
[44.326s] INFO:colcon.colcon_core.shell:Creating package script '/home/r2d2/ros2_ws/install/r2d2_bringup/share/r2d2_bringup/package.ps1'
[44.329s] INFO:colcon.colcon_core.shell:Creating package descriptor '/home/r2d2/ros2_ws/install/r2d2_bringup/share/r2d2_bringup/package.dsv'
[44.332s] INFO:colcon.colcon_core.shell:Creating package script '/home/r2d2/ros2_ws/install/r2d2_bringup/share/r2d2_bringup/package.sh'
[44.334s] INFO:colcon.colcon_core.shell:Creating package script '/home/r2d2/ros2_ws/install/r2d2_bringup/share/r2d2_bringup/package.bash'
[44.336s] INFO:colcon.colcon_core.shell:Creating package script '/home/r2d2/ros2_ws/install/r2d2_bringup/share/r2d2_bringup/package.zsh'
[44.338s] Level 1:colcon.colcon_core.environment:create_file_with_runtime_dependencies(/home/r2d2/ros2_ws/install/r2d2_bringup/share/colcon-core/packages/r2d2_bringup)
[47.852s] DEBUG:colcon.colcon_core.event_handler.log_command:Invoking command in '/home/r2d2/ros2_ws/build/r2d2_head': PYTHONPATH=/home/r2d2/ros2_ws/build/r2d2_head/prefix_override:/usr/lib/python3/dist-packages/colcon_core/task/python/colcon_distutils_commands:/home/r2d2/ros2_ws/install/r2d2_head/lib/python3.12/site-packages:${PYTHONPATH} /usr/bin/python3 -W ignore:setup.py install is deprecated -W ignore:easy_install command is deprecated setup.py develop --editable --build-directory /home/r2d2/ros2_ws/build/r2d2_head/build --no-deps symlink_data
[51.493s] DEBUG:colcon.colcon_core.event_handler.log_command:Invoking command in '/home/r2d2/ros2_ws/build/r2d2_perception': PYTHONPATH=/home/r2d2/ros2_ws/build/r2d2_perception/prefix_override:/usr/lib/python3/dist-packages/colcon_core/task/python/colcon_distutils_commands:/home/r2d2/ros2_ws/install/r2d2_perception/lib/python3.12/site-packages:${PYTHONPATH} /usr/bin/python3 -W ignore:setup.py install is deprecated -W ignore:easy_install command is deprecated setup.py develop --editable --build-directory /home/r2d2/ros2_ws/build/r2d2_perception/build --no-deps symlink_data
[58.869s] Level 1:colcon.colcon_core.shell:create_environment_hook('r2d2_head', 'pythonpath_develop')
[58.872s] INFO:colcon.colcon_core.shell:Creating environment hook '/home/r2d2/ros2_ws/build/r2d2_head/share/r2d2_head/hook/pythonpath_develop.ps1'
[58.881s] DEBUG:colcon.colcon_core.event_handler.log_command:Invoked command in '/home/r2d2/ros2_ws/build/r2d2_head' returned '0': PYTHONPATH=/home/r2d2/ros2_ws/build/r2d2_head/prefix_override:/usr/lib/python3/dist-packages/colcon_core/task/python/colcon_distutils_commands:/home/r2d2/ros2_ws/install/r2d2_head/lib/python3.12/site-packages:${PYTHONPATH} /usr/bin/python3 -W ignore:setup.py install is deprecated -W ignore:easy_install command is deprecated setup.py develop --editable --build-directory /home/r2d2/ros2_ws/build/r2d2_head/build --no-deps symlink_data
[58.886s] INFO:colcon.colcon_core.shell:Creating environment descriptor '/home/r2d2/ros2_ws/build/r2d2_head/share/r2d2_head/hook/pythonpath_develop.dsv'
[58.896s] INFO:colcon.colcon_core.shell:Creating environment hook '/home/r2d2/ros2_ws/build/r2d2_head/share/r2d2_head/hook/pythonpath_develop.sh'
[58.905s] Level 1:colcon.colcon_core.environment:checking '/home/r2d2/ros2_ws/install/r2d2_head' for CMake module files
[58.914s] Level 1:colcon.colcon_core.environment:checking '/home/r2d2/ros2_ws/install/r2d2_head' for CMake config files
[58.924s] Level 1:colcon.colcon_core.environment:checking '/home/r2d2/ros2_ws/install/r2d2_head/lib'
[58.926s] Level 1:colcon.colcon_core.environment:checking '/home/r2d2/ros2_ws/install/r2d2_head/bin'
[58.927s] Level 1:colcon.colcon_core.environment:checking '/home/r2d2/ros2_ws/install/r2d2_head/lib/pkgconfig/r2d2_head.pc'
[58.931s] Level 1:colcon.colcon_core.environment:checking '/home/r2d2/ros2_ws/install/r2d2_head/lib/python3.12/site-packages'
[58.933s] Level 1:colcon.colcon_core.shell:create_environment_hook('r2d2_head', 'pythonpath')
[58.935s] INFO:colcon.colcon_core.shell:Creating environment hook '/home/r2d2/ros2_ws/install/r2d2_head/share/r2d2_head/hook/pythonpath.ps1'
[58.943s] INFO:colcon.colcon_core.shell:Creating environment descriptor '/home/r2d2/ros2_ws/install/r2d2_head/share/r2d2_head/hook/pythonpath.dsv'
[58.950s] INFO:colcon.colcon_core.shell:Creating environment hook '/home/r2d2/ros2_ws/install/r2d2_head/share/r2d2_head/hook/pythonpath.sh'
[58.962s] Level 1:colcon.colcon_core.environment:checking '/home/r2d2/ros2_ws/install/r2d2_head/bin'
[58.963s] Level 1:colcon.colcon_core.environment:create_environment_scripts_only(r2d2_head)
[58.967s] INFO:colcon.colcon_core.shell:Creating package script '/home/r2d2/ros2_ws/install/r2d2_head/share/r2d2_head/package.ps1'
[58.975s] INFO:colcon.colcon_core.shell:Creating package descriptor '/home/r2d2/ros2_ws/install/r2d2_head/share/r2d2_head/package.dsv'
[58.983s] INFO:colcon.colcon_core.shell:Creating package script '/home/r2d2/ros2_ws/install/r2d2_head/share/r2d2_head/package.sh'
[58.991s] INFO:colcon.colcon_core.shell:Creating package script '/home/r2d2/ros2_ws/install/r2d2_head/share/r2d2_head/package.bash'
[58.998s] INFO:colcon.colcon_core.shell:Creating package script '/home/r2d2/ros2_ws/install/r2d2_head/share/r2d2_head/package.zsh'
[59.004s] Level 1:colcon.colcon_core.environment:create_file_with_runtime_dependencies(/home/r2d2/ros2_ws/install/r2d2_head/share/colcon-core/packages/r2d2_head)
[63.261s] Level 1:colcon.colcon_core.shell:create_environment_hook('r2d2_perception', 'pythonpath_develop')
[63.266s] INFO:colcon.colcon_core.shell:Creating environment hook '/home/r2d2/ros2_ws/build/r2d2_perception/share/r2d2_perception/hook/pythonpath_develop.ps1'
[63.270s] DEBUG:colcon.colcon_core.event_handler.log_command:Invoked command in '/home/r2d2/ros2_ws/build/r2d2_perception' returned '0': PYTHONPATH=/home/r2d2/ros2_ws/build/r2d2_perception/prefix_override:/usr/lib/python3/dist-packages/colcon_core/task/python/colcon_distutils_commands:/home/r2d2/ros2_ws/install/r2d2_perception/lib/python3.12/site-packages:${PYTHONPATH} /usr/bin/python3 -W ignore:setup.py install is deprecated -W ignore:easy_install command is deprecated setup.py develop --editable --build-directory /home/r2d2/ros2_ws/build/r2d2_perception/build --no-deps symlink_data
[63.279s] INFO:colcon.colcon_core.shell:Creating environment descriptor '/home/r2d2/ros2_ws/build/r2d2_perception/share/r2d2_perception/hook/pythonpath_develop.dsv'
[63.286s] INFO:colcon.colcon_core.shell:Creating environment hook '/home/r2d2/ros2_ws/build/r2d2_perception/share/r2d2_perception/hook/pythonpath_develop.sh'
[63.297s] Level 1:colcon.colcon_core.environment:checking '/home/r2d2/ros2_ws/install/r2d2_perception' for CMake module files
[63.303s] Level 1:colcon.colcon_core.environment:checking '/home/r2d2/ros2_ws/install/r2d2_perception' for CMake config files
[63.309s] Level 1:colcon.colcon_core.environment:checking '/home/r2d2/ros2_ws/install/r2d2_perception/lib'
[63.310s] Level 1:colcon.colcon_core.environment:checking '/home/r2d2/ros2_ws/install/r2d2_perception/bin'
[63.311s] Level 1:colcon.colcon_core.environment:checking '/home/r2d2/ros2_ws/install/r2d2_perception/lib/pkgconfig/r2d2_perception.pc'
[63.313s] Level 1:colcon.colcon_core.environment:checking '/home/r2d2/ros2_ws/install/r2d2_perception/lib/python3.12/site-packages'
[63.314s] Level 1:colcon.colcon_core.shell:create_environment_hook('r2d2_perception', 'pythonpath')
[63.316s] INFO:colcon.colcon_core.shell:Creating environment hook '/home/r2d2/ros2_ws/install/r2d2_perception/share/r2d2_perception/hook/pythonpath.ps1'
[63.320s] INFO:colcon.colcon_core.shell:Creating environment descriptor '/home/r2d2/ros2_ws/install/r2d2_perception/share/r2d2_perception/hook/pythonpath.dsv'
[63.323s] INFO:colcon.colcon_core.shell:Creating environment hook '/home/r2d2/ros2_ws/install/r2d2_perception/share/r2d2_perception/hook/pythonpath.sh'
[63.330s] Level 1:colcon.colcon_core.environment:checking '/home/r2d2/ros2_ws/install/r2d2_perception/bin'
[63.331s] Level 1:colcon.colcon_core.environment:create_environment_scripts_only(r2d2_perception)
[63.333s] INFO:colcon.colcon_core.shell:Creating package script '/home/r2d2/ros2_ws/install/r2d2_perception/share/r2d2_perception/package.ps1'
[63.338s] INFO:colcon.colcon_core.shell:Creating package descriptor '/home/r2d2/ros2_ws/install/r2d2_perception/share/r2d2_perception/package.dsv'
[63.347s] INFO:colcon.colcon_core.shell:Creating package script '/home/r2d2/ros2_ws/install/r2d2_perception/share/r2d2_perception/package.sh'
[63.356s] INFO:colcon.colcon_core.shell:Creating package script '/home/r2d2/ros2_ws/install/r2d2_perception/share/r2d2_perception/package.bash'
[63.362s] INFO:colcon.colcon_core.shell:Creating package script '/home/r2d2/ros2_ws/install/r2d2_perception/share/r2d2_perception/package.zsh'
[63.369s] Level 1:colcon.colcon_core.environment:create_file_with_runtime_dependencies(/home/r2d2/ros2_ws/install/r2d2_perception/share/colcon-core/packages/r2d2_perception)
[73.770s] DEBUG:colcon.colcon_core.event_handler.log_command:Invoked command in '/home/r2d2/ros2_ws/build/r2d2_description' returned '1': /usr/bin/cmake /home/r2d2/ros2_ws/src/r2d2_description -DCMAKE_INSTALL_PREFIX=/home/r2d2/ros2_ws/install/r2d2_description
[73.773s] DEBUG:colcon.colcon_parallel_executor.executor.parallel:closing loop
[73.776s] DEBUG:colcon.colcon_parallel_executor.executor.parallel:loop closed
[73.777s] DEBUG:colcon.colcon_parallel_executor.executor.parallel:run_until_complete finished with '1'
[73.777s] DEBUG:colcon.colcon_core.event_reactor:joining thread
[73.835s] INFO:colcon.colcon_core.plugin_system:Skipping extension 'colcon_notification.desktop_notification.notify_send': Could not find 'notify-send'
[73.836s] INFO:colcon.colcon_core.plugin_system:Skipping extension 'colcon_notification.desktop_notification.terminal_notifier': Not used on non-Darwin systems
[73.836s] INFO:colcon.colcon_core.plugin_system:Skipping extension 'colcon_notification.desktop_notification.win32': Not used on non-Windows systems
[73.837s] INFO:colcon.colcon_notification.desktop_notification:Sending desktop notification using 'notify2'
[73.838s] DEBUG:colcon.colcon_notification.desktop_notification.notify2:Failed to initialize notify2: org.freedesktop.DBus.Error.NotSupported: Unable to autolaunch a dbus-daemon without a $DISPLAY for X11
[73.838s] DEBUG:colcon.colcon_core.event_reactor:joined thread
[73.840s] INFO:colcon.colcon_core.shell:Creating prefix script '/home/r2d2/ros2_ws/install/local_setup.ps1'
[73.848s] INFO:colcon.colcon_core.shell:Creating prefix util module '/home/r2d2/ros2_ws/install/_local_setup_util_ps1.py'
[73.861s] INFO:colcon.colcon_core.shell:Creating prefix chain script '/home/r2d2/ros2_ws/install/setup.ps1'
[73.870s] INFO:colcon.colcon_core.shell:Creating prefix script '/home/r2d2/ros2_ws/install/local_setup.sh'
[73.876s] INFO:colcon.colcon_core.shell:Creating prefix util module '/home/r2d2/ros2_ws/install/_local_setup_util_sh.py'
[73.881s] INFO:colcon.colcon_core.shell:Creating prefix chain script '/home/r2d2/ros2_ws/install/setup.sh'
[73.890s] INFO:colcon.colcon_core.shell:Creating prefix script '/home/r2d2/ros2_ws/install/local_setup.bash'
[73.895s] INFO:colcon.colcon_core.shell:Creating prefix chain script '/home/r2d2/ros2_ws/install/setup.bash'
[73.905s] INFO:colcon.colcon_core.shell:Creating prefix script '/home/r2d2/ros2_ws/install/local_setup.zsh'
[73.910s] INFO:colcon.colcon_core.shell:Creating prefix chain script '/home/r2d2/ros2_ws/install/setup.zsh'
