running develop
running egg_info
creating r2d2_perception.egg-info
writing r2d2_perception.egg-info/PKG-INFO
writing dependency_links to r2d2_perception.egg-info/dependency_links.txt
writing requirements to r2d2_perception.egg-info/requires.txt
writing top-level names to r2d2_perception.egg-info/top_level.txt
writing manifest file 'r2d2_perception.egg-info/SOURCES.txt'
reading manifest file 'r2d2_perception.egg-info/SOURCES.txt'
writing manifest file 'r2d2_perception.egg-info/SOURCES.txt'
running build_ext
Creating /home/r2d2/ros2_ws/install/r2d2_perception/lib/python3.12/site-packages/r2d2-perception.egg-link (link to .)

Installed /home/r2d2/ros2_ws/build/r2d2_perception
running symlink_data
creating /home/r2d2/ros2_ws/install/r2d2_perception/share
creating /home/r2d2/ros2_ws/install/r2d2_perception/share/ament_index
creating /home/r2d2/ros2_ws/install/r2d2_perception/share/ament_index/resource_index
creating /home/r2d2/ros2_ws/install/r2d2_perception/share/ament_index/resource_index/packages
symbolically linking /home/r2d2/ros2_ws/build/r2d2_perception/resource/r2d2_perception -> /home/r2d2/ros2_ws/install/r2d2_perception/share/ament_index/resource_index/packages
creating /home/r2d2/ros2_ws/install/r2d2_perception/share/r2d2_perception
symbolically linking /home/r2d2/ros2_ws/build/r2d2_perception/package.xml -> /home/r2d2/ros2_ws/install/r2d2_perception/share/r2d2_perception
