[10.727s] Invoking command in '/home/r2d2/ros2_ws/build/r2d2_perception': PYTHONPATH=/home/r2d2/ros2_ws/build/r2d2_perception/prefix_override:/usr/lib/python3/dist-packages/colcon_core/task/python/colcon_distutils_commands:/home/r2d2/ros2_ws/install/r2d2_perception/lib/python3.12/site-packages:${PYTHONPATH} /usr/bin/python3 -W ignore:setup.py install is deprecated -W ignore:easy_install command is deprecated setup.py develop --editable --build-directory /home/r2d2/ros2_ws/build/r2d2_perception/build --no-deps symlink_data
[16.355s] running develop
[20.985s] running egg_info
[20.986s] creating r2d2_perception.egg-info
[21.212s] writing r2d2_perception.egg-info/PKG-INFO
[21.216s] writing dependency_links to r2d2_perception.egg-info/dependency_links.txt
[21.217s] writing requirements to r2d2_perception.egg-info/requires.txt
[21.222s] writing top-level names to r2d2_perception.egg-info/top_level.txt
[21.226s] writing manifest file 'r2d2_perception.egg-info/SOURCES.txt'
[21.812s] reading manifest file 'r2d2_perception.egg-info/SOURCES.txt'
[21.822s] writing manifest file 'r2d2_perception.egg-info/SOURCES.txt'
[22.143s] running build_ext
[22.145s] Creating /home/r2d2/ros2_ws/install/r2d2_perception/lib/python3.12/site-packages/r2d2-perception.egg-link (link to .)
[22.156s] 
[22.158s] Installed /home/r2d2/ros2_ws/build/r2d2_perception
[22.160s] running symlink_data
[22.161s] creating /home/r2d2/ros2_ws/install/r2d2_perception/share
[22.163s] creating /home/r2d2/ros2_ws/install/r2d2_perception/share/ament_index
[22.165s] creating /home/r2d2/ros2_ws/install/r2d2_perception/share/ament_index/resource_index
[22.168s] creating /home/r2d2/ros2_ws/install/r2d2_perception/share/ament_index/resource_index/packages
[22.170s] symbolically linking /home/r2d2/ros2_ws/build/r2d2_perception/resource/r2d2_perception -> /home/r2d2/ros2_ws/install/r2d2_perception/share/ament_index/resource_index/packages
[22.172s] creating /home/r2d2/ros2_ws/install/r2d2_perception/share/r2d2_perception
[22.173s] symbolically linking /home/r2d2/ros2_ws/build/r2d2_perception/package.xml -> /home/r2d2/ros2_ws/install/r2d2_perception/share/r2d2_perception
[22.502s] Invoked command in '/home/r2d2/ros2_ws/build/r2d2_perception' returned '0': PYTHONPATH=/home/r2d2/ros2_ws/build/r2d2_perception/prefix_override:/usr/lib/python3/dist-packages/colcon_core/task/python/colcon_distutils_commands:/home/r2d2/ros2_ws/install/r2d2_perception/lib/python3.12/site-packages:${PYTHONPATH} /usr/bin/python3 -W ignore:setup.py install is deprecated -W ignore:easy_install command is deprecated setup.py develop --editable --build-directory /home/r2d2/ros2_ws/build/r2d2_perception/build --no-deps symlink_data
